SF:lib/src/animation/animation.dart
DA:15,1048
DA:17,524
DA:20,524
DA:23,524
DA:26,524
DA:54,241
DA:88,111
DA:91,63
DA:162,212
DA:164,212
DA:165,212
DA:168,21
DA:170,63
DA:187,21
DA:188,21
DA:190,21
DA:191,21
DA:194,9
DA:197,9
DA:200,5
DA:204,0
DA:205,21
LF:22
LH:21
end_of_record
SF:lib/src/animation/animation_controller.dart
DA:25,1048
DA:27,524
DA:30,524
DA:33,24
DA:39,524
DA:55,1048
DA:58,524
DA:65,524
DA:231,238
DA:239,0
DA:240,0
DA:241,238
DA:242,0
DA:244,714
DA:245,475
DA:264,58
DA:270,0
DA:271,0
DA:275,174
DA:276,58
DA:300,145
DA:308,1
DA:309,1
DA:310,3
DA:311,2
DA:324,237
DA:325,237
DA:347,187
DA:348,0
DA:349,187
DA:350,187
DA:351,187
DA:352,187
DA:369,2
DA:370,4
DA:377,40
DA:378,40
DA:380,150
DA:383,239
DA:384,956
DA:385,717
DA:386,238
DA:387,555
DA:388,155
DA:390,234
DA:400,50
DA:409,692
DA:413,239
DA:414,239
DA:428,193
DA:429,193
DA:430,193
DA:431,1
DA:438,193
DA:440,193
DA:444,193
DA:446,44
DA:447,386
DA:461,98
DA:462,98
DA:463,98
DA:464,1
DA:471,98
DA:473,98
DA:477,98
DA:479,3
DA:480,196
DA:495,49
DA:497,49
DA:501,49
DA:502,49
DA:517,6
DA:519,6
DA:523,5
DA:524,5
DA:527,201
DA:529,402
DA:530,1
DA:531,1
DA:537,1
DA:543,194
DA:544,194
DA:545,1
DA:553,194
DA:554,582
DA:555,970
DA:556,388
DA:557,96
DA:561,201
DA:562,201
DA:563,308
DA:564,4
DA:565,1
DA:567,462
DA:570,154
DA:571,154
DA:573,158
DA:574,158
DA:575,474
DA:593,6
DA:594,6
DA:595,6
DA:596,6
DA:597,6
DA:599,1
DA:607,6
DA:608,6
DA:609,24
DA:610,0
DA:611,18
DA:625,8
DA:626,16
DA:627,26
DA:628,21
DA:630,8
DA:631,16
DA:633,1
DA:638,1
DA:642,32
DA:643,8
DA:644,8
DA:654,54
DA:656,54
DA:660,54
DA:661,54
DA:664,172
DA:665,0
DA:666,172
DA:667,172
DA:668,172
DA:669,860
DA:670,344
DA:671,516
DA:674,172
DA:695,215
DA:697,215
DA:701,215
DA:702,215
DA:703,430
DA:712,230
DA:714,230
DA:715,230
DA:716,1
DA:718,1
DA:719,1
DA:724,230
DA:725,460
DA:726,230
DA:727,230
DA:731,215
DA:732,215
DA:733,430
DA:734,215
DA:735,215
DA:739,170
DA:740,170
DA:741,510
DA:742,170
DA:743,1020
DA:744,340
DA:745,423
DA:748,141
DA:750,170
DA:751,170
DA:754,21
DA:756,21
DA:757,63
DA:758,51
DA:759,84
DA:760,21
DA:765,158
DA:766,0
DA:767,0
DA:768,316
DA:769,474
DA:776,158
DA:778,474
DA:779,158
DA:780,158
DA:781,136
DA:782,136
DA:784,920
DA:787,6
DA:789,12
DA:790,42
DA:793,156
DA:794,312
DA:798,6
DA:799,12
DA:800,36
DA:801,12
DA:802,12
DA:812,6
DA:814,6
DA:816,12
DA:817,18
DA:818,24
DA:820,6
DA:821,3
DA:823,18
DA:827,0
DA:828,0
DA:830,6
LF:203
LH:191
end_of_record
SF:lib/src/animation/animations.dart
DA:18,34
DA:20,26
DA:23,26
DA:26,25
DA:29,25
DA:32,25
DA:35,26
DA:38,2
DA:47,524
DA:50,141
DA:52,140
DA:55,127
DA:58,141
DA:61,127
DA:64,56
DA:67,59
DA:70,1
DA:79,524
DA:92,4
DA:97,1
DA:100,1
DA:103,0
DA:106,0
DA:109,1
DA:112,1
DA:114,3
DA:139,564
DA:144,240
DA:149,222
DA:154,24
DA:157,102
DA:173,141
DA:174,141
DA:175,141
DA:176,9
DA:177,9
DA:188,56
DA:190,141
DA:191,282
DA:193,27
DA:194,78
DA:195,78
DA:196,26
DA:197,26
DA:199,27
DA:200,27
DA:201,27
DA:202,27
DA:203,108
DA:204,26
DA:205,108
DA:206,81
DA:207,27
DA:208,27
DA:212,141
DA:214,141
DA:215,423
DA:216,423
DA:220,127
DA:222,127
DA:223,381
DA:224,381
DA:228,141
DA:229,422
DA:231,138
DA:232,413
DA:234,2
DA:236,2
DA:237,5
DA:238,6
DA:263,63
DA:264,0
DA:269,63
DA:271,63
DA:272,126
DA:275,11
DA:277,22
DA:278,11
DA:281,63
DA:283,189
DA:286,11
DA:288,33
DA:291,10
DA:292,20
DA:295,15
DA:296,45
DA:298,62
DA:299,186
DA:301,18
DA:302,0
DA:304,18
DA:305,15
DA:306,15
DA:307,6
DA:312,1
DA:314,3
DA:373,225
DA:377,0
DA:378,0
DA:379,675
DA:380,675
DA:412,225
DA:414,225
DA:415,137
DA:416,225
DA:418,115
DA:419,114
DA:421,40
DA:422,40
DA:427,225
DA:428,475
DA:431,225
DA:433,470
DA:435,450
DA:438,348
DA:439,225
DA:440,225
DA:441,450
DA:442,225
DA:443,1
DA:446,1
DA:451,225
DA:454,80
DA:457,2
DA:459,2
DA:460,3
DA:461,2
DA:462,8
DA:463,4
DA:467,2096
DA:495,77
DA:496,0
DA:497,77
DA:498,385
DA:499,52
DA:500,26
DA:501,320
DA:502,62
DA:504,25
DA:505,5
DA:508,231
DA:509,231
DA:510,205
DA:511,103
DA:518,42
DA:531,34
DA:532,34
DA:533,68
DA:534,34
DA:535,34
DA:537,34
DA:540,26
DA:541,52
DA:544,36
DA:545,36
DA:547,36
DA:548,18
DA:549,18
DA:550,18
DA:551,10
DA:553,17
DA:554,85
DA:558,7
DA:559,14
DA:560,14
DA:561,14
DA:562,7
DA:563,21
DA:564,21
DA:567,36
DA:568,72
DA:569,36
DA:570,36
DA:572,36
DA:573,7
DA:574,7
DA:577,77
DA:578,154
DA:582,20
DA:584,20
DA:585,60
DA:586,60
DA:587,20
DA:588,24
DA:589,20
DA:590,20
DA:593,1
DA:595,1
DA:596,4
DA:597,3
DA:615,60
DA:618,0
DA:619,0
DA:628,60
DA:630,180
DA:631,180
DA:632,180
DA:633,180
DA:636,1
DA:638,3
DA:639,3
DA:640,3
DA:641,3
DA:648,12
DA:650,72
DA:651,12
DA:652,24
DA:655,1
DA:657,4
DA:661,12
DA:662,36
DA:663,24
DA:664,24
DA:669,12
DA:670,36
DA:671,24
DA:672,12
DA:686,1
DA:689,1
DA:691,1
DA:692,6
DA:704,2
DA:706,1
DA:707,528
DA:719,120
DA:721,60
DA:722,764
LF:227
LH:218
end_of_record
SF:lib/src/animation/curves.dart
DA:29,524
DA:42,232
DA:43,464
DA:44,423
DA:47,123
DA:52,0
DA:54,0
DA:69,140
DA:71,1
DA:73,2
DA:81,524
DA:83,112
DA:97,5
DA:102,2
DA:104,4
DA:105,4
DA:108,1
DA:110,3
DA:127,79
DA:128,0
DA:129,0
DA:130,0
DA:145,23
DA:147,46
DA:148,46
DA:149,46
DA:150,46
DA:151,69
DA:152,161
DA:153,42
DA:155,34
DA:158,2
DA:160,4
DA:161,5
DA:162,8
DA:173,62
DA:180,6
DA:182,12
DA:183,12
DA:184,12
DA:210,173
DA:211,0
DA:212,0
DA:213,0
DA:214,0
DA:242,75
DA:243,525
DA:244,450
DA:245,150
DA:248,75
DA:253,150
DA:254,225
DA:255,225
DA:256,225
DA:257,74
DA:264,2
DA:266,20
DA:292,70
DA:297,10
DA:298,40
DA:300,1
DA:302,3
DA:314,142
DA:316,26
DA:321,26
DA:322,52
DA:328,1
DA:329,2
DA:330,2
DA:331,2
DA:332,2
DA:333,3
DA:334,2
DA:335,2
DA:336,3
DA:338,2
DA:339,3
DA:346,515
DA:348,1
DA:350,3
DA:358,11
DA:360,1
DA:362,1
DA:370,1
DA:372,1
DA:374,1
DA:375,5
DA:377,5
DA:394,1
DA:399,1
DA:401,2
DA:402,1
DA:403,10
DA:406,1
DA:408,3
DA:422,2
DA:427,1
DA:429,2
DA:430,11
DA:433,2
DA:435,6
DA:450,524
DA:455,1
DA:457,2
DA:458,2
DA:459,1
DA:460,11
DA:462,12
DA:465,1
DA:467,3
DA:520,0
DA:529,524
DA:538,505
DA:547,500
DA:552,504
DA:557,507
DA:564,502
DA:574,1
DA:585,1
DA:596,1
DA:609,1
DA:619,1
DA:632,1
DA:643,1
DA:653,1
DA:658,505
DA:665,504
DA:675,1
DA:686,1
DA:699,1
DA:712,1
DA:722,1
DA:732,1
DA:743,1
DA:753,1
DA:759,506
DA:768,1
DA:779,1
DA:793,1
DA:807,1
DA:818,1
DA:832,1
DA:846,1
DA:860,1
DA:869,510
DA:875,1
DA:880,1
DA:885,1
DA:890,1
DA:895,1
DA:900,2
DA:905,1
LF:152
LH:142
end_of_record
SF:lib/src/animation/listener_helpers.dart
DA:27,0
DA:28,0
DA:29,0
DA:30,0
DA:31,0
DA:40,0
DA:41,0
DA:42,0
DA:43,0
DA:44,0
DA:56,0
DA:67,0
DA:70,0
DA:74,0
DA:102,0
DA:103,0
DA:104,0
DA:110,0
DA:111,0
DA:113,0
DA:121,0
DA:122,0
DA:123,0
DA:125,0
DA:126,0
DA:128,0
DA:132,0
DA:133,0
DA:134,0
DA:135,0
DA:171,0
DA:172,0
DA:173,0
DA:179,0
DA:180,0
DA:182,0
DA:190,0
DA:191,0
DA:192,0
DA:194,0
DA:195,0
DA:197,0
DA:201,0
DA:202,0
DA:203,0
DA:204,0
LF:46
LH:0
end_of_record
SF:lib/src/animation/tween.dart
DA:27,227
DA:53,675
DA:65,215
DA:66,215
DA:73,127
DA:74,127
DA:79,215
DA:86,214
DA:87,642
DA:89,1
DA:91,4
DA:94,1
DA:96,3
DA:101,127
DA:106,127
DA:108,508
DA:111,1
DA:113,3
DA:216,227
DA:235,82
DA:237,82
DA:238,82
DA:239,492
DA:254,225
DA:256,225
DA:257,225
DA:258,171
DA:259,167
DA:260,98
DA:263,1
DA:264,4
DA:270,2
DA:271,0
DA:272,6
DA:281,2
DA:282,6
DA:301,238
DA:304,27
DA:305,81
DA:319,10
DA:322,5
DA:323,15
DA:337,20
DA:340,4
DA:341,12
DA:361,124
DA:365,40
DA:366,280
DA:386,8
DA:390,2
DA:391,14
DA:397,4
DA:400,2
DA:401,2
DA:403,0
DA:404,0
DA:437,135
DA:438,0
DA:443,135
DA:445,268
DA:446,540
DA:449,70
DA:452,0
DA:453,0
LF:64
LH:58
end_of_record
SF:lib/src/animation/tween_sequence.dart
DA:49,1
DA:50,0
DA:51,1
DA:52,2
DA:55,1
DA:56,2
DA:57,1
DA:60,4
DA:61,9
DA:62,3
DA:70,1
DA:71,2
DA:72,3
DA:73,2
DA:76,1
DA:78,2
DA:79,1
DA:80,4
DA:81,4
DA:82,3
DA:83,1
DA:86,0
DA:90,0
DA:91,0
DA:99,1
DA:102,0
DA:103,0
DA:104,1
DA:131,2
DA:136,5
DA:138,7
DA:140,0
DA:141,0
LF:33
LH:25
end_of_record
SF:lib/src/cupertino/action_sheet.dart
DA:14,524
DA:23,524
DA:37,524
DA:44,524
DA:48,524
DA:53,524
DA:55,524
DA:56,0
DA:102,1
DA:110,0
DA:113,1
DA:151,1
DA:152,1
DA:153,2
DA:154,1
DA:155,1
DA:156,1
DA:157,1
DA:159,2
DA:162,1
DA:164,1
DA:172,1
DA:173,3
DA:174,1
DA:178,1
DA:179,1
DA:180,1
DA:181,1
DA:182,1
DA:187,1
DA:188,3
DA:190,1
DA:191,1
DA:192,1
DA:193,1
DA:198,1
DA:200,1
DA:201,2
DA:202,1
DA:203,1
DA:204,1
DA:205,1
DA:207,1
DA:208,1
DA:209,1
DA:217,1
DA:218,1
DA:219,1
DA:223,2
DA:225,1
DA:226,0
DA:228,5
DA:231,1
DA:232,1
DA:237,1
DA:243,1
DA:264,1
DA:269,0
DA:270,0
DA:292,1
DA:296,1
DA:297,1
DA:300,1
DA:301,1
DA:304,1
DA:305,1
DA:307,1
DA:311,1
DA:313,1
DA:319,1
DA:321,1
DA:332,1
DA:335,1
DA:339,1
DA:340,1
DA:346,1
DA:348,1
DA:349,1
DA:352,0
DA:353,0
DA:354,0
DA:358,0
DA:359,0
DA:360,0
DA:364,0
DA:365,0
DA:366,0
DA:370,1
DA:372,1
DA:374,1
DA:375,1
DA:376,1
DA:377,1
DA:378,1
DA:379,1
DA:380,1
DA:382,2
DA:389,1
DA:393,1
DA:398,1
DA:400,1
DA:401,3
DA:405,1
DA:407,1
DA:412,2
DA:417,1
DA:418,1
DA:420,1
DA:421,1
DA:423,1
DA:425,1
DA:426,2
DA:428,1
DA:429,2
DA:433,1
DA:435,1
DA:436,3
DA:437,2
DA:438,3
DA:439,2
DA:442,1
DA:444,1
DA:447,0
DA:449,0
DA:452,0
DA:454,0
DA:455,0
DA:456,0
DA:457,0
DA:458,0
DA:461,0
DA:463,0
DA:464,0
DA:465,0
DA:466,0
DA:467,0
DA:471,0
DA:473,0
DA:474,0
DA:475,0
DA:476,0
DA:477,0
DA:481,1
DA:482,0
DA:484,1
DA:485,2
DA:487,1
DA:488,2
DA:513,1
DA:521,2
DA:523,1
DA:524,2
DA:525,1
DA:526,0
DA:528,1
DA:529,1
DA:530,2
DA:535,2
DA:537,1
DA:538,2
DA:539,1
DA:540,0
DA:542,1
DA:543,1
DA:544,2
DA:555,1
DA:557,1
DA:558,1
DA:559,0
DA:561,1
DA:562,0
DA:566,1
DA:568,1
DA:569,1
DA:570,2
DA:572,1
DA:573,2
DA:577,1
DA:579,1
DA:580,0
DA:582,1
DA:583,0
DA:587,1
DA:589,2
DA:590,2
DA:594,1
DA:596,1
DA:597,2
DA:599,1
DA:600,2
DA:604,0
DA:606,0
DA:607,0
DA:608,0
DA:610,0
DA:611,0
DA:616,1
DA:618,2
DA:621,1
DA:623,2
DA:626,1
DA:628,2
DA:629,2
DA:630,2
DA:631,3
DA:633,2
DA:634,2
DA:635,1
DA:640,1
DA:642,2
DA:643,2
DA:644,2
DA:645,3
DA:647,2
DA:648,2
DA:649,1
DA:654,1
DA:656,5
DA:657,5
DA:658,1
DA:660,4
DA:663,2
DA:664,4
DA:667,2
DA:670,2
DA:671,5
DA:674,2
DA:677,4
DA:680,4
DA:684,3
DA:685,2
DA:686,4
DA:689,1
DA:691,2
DA:692,4
DA:694,8
DA:696,2
DA:699,2
DA:700,4
DA:703,1
DA:704,1
DA:705,1
DA:706,1
DA:707,5
DA:708,2
DA:709,1
DA:711,1
DA:715,1
DA:718,2
DA:719,2
DA:720,4
DA:722,2
DA:723,2
DA:732,1048
DA:733,524
DA:734,524
DA:743,1
DA:748,1
DA:769,1
DA:771,1
DA:772,1
DA:773,2
DA:780,1
DA:781,1
DA:782,1
DA:784,1
DA:789,1
DA:790,1
DA:791,1
DA:792,1
DA:795,1
DA:796,1
DA:798,1
DA:799,2
DA:802,1
DA:808,1
DA:809,0
DA:810,0
DA:811,0
DA:819,2
DA:820,1
DA:823,1
DA:824,1
DA:825,1
DA:826,1
DA:841,1
DA:846,0
DA:847,1
DA:860,1
DA:861,1
DA:865,1
DA:867,2
DA:869,1
DA:870,5
DA:871,1
DA:872,1
DA:873,3
DA:878,1
DA:879,1
DA:880,2
DA:881,1
DA:883,1
DA:884,2
DA:897,1
DA:903,1
DA:904,1
DA:910,1
DA:912,1
DA:913,1
DA:915,1
DA:918,0
DA:919,0
DA:921,0
DA:922,2
DA:936,1
DA:940,1
DA:944,1
DA:946,2
DA:947,1
DA:948,3
DA:949,0
DA:952,0
DA:953,0
DA:954,0
DA:962,1
DA:973,1
DA:980,1
DA:985,1
DA:987,1
DA:988,1
DA:989,1
DA:993,0
DA:995,0
DA:996,0
DA:1021,1
DA:1027,1
DA:1031,2
DA:1033,0
DA:1034,0
DA:1038,0
DA:1039,0
DA:1043,2
DA:1044,0
DA:1045,0
DA:1049,0
DA:1050,0
DA:1065,1
DA:1067,2
DA:1068,2
DA:1071,1
DA:1073,2
DA:1076,1
DA:1078,2
DA:1081,1
DA:1083,2
DA:1085,2
DA:1086,4
DA:1087,3
DA:1088,1
DA:1089,1
DA:1094,1
DA:1095,4
DA:1096,2
DA:1097,2
DA:1098,4
DA:1099,2
DA:1101,2
DA:1102,4
DA:1103,5
DA:1104,3
DA:1110,1
DA:1111,2
DA:1112,2
DA:1113,2
DA:1114,5
DA:1117,1
DA:1119,2
DA:1121,2
DA:1122,4
DA:1123,1
DA:1128,1
DA:1129,2
DA:1131,4
DA:1133,1
DA:1135,2
DA:1136,1
DA:1141,1
DA:1143,2
DA:1148,1
DA:1152,1
DA:1157,2
DA:1158,1
DA:1159,2
DA:1161,3
DA:1162,3
DA:1164,2
DA:1167,1
DA:1168,1
DA:1171,3
DA:1172,3
DA:1176,1
DA:1178,1
DA:1179,1
DA:1180,1
DA:1183,1
DA:1184,2
DA:1186,1
DA:1187,1
DA:1188,6
DA:1190,1
DA:1192,1
DA:1196,1
DA:1199,2
DA:1200,1
DA:1201,1
DA:1205,2
DA:1207,1
DA:1208,1
DA:1211,2
DA:1213,1
DA:1214,1
DA:1215,1
DA:1216,2
DA:1217,1
DA:1220,1
DA:1221,1
DA:1222,3
DA:1223,2
DA:1224,2
DA:1230,0
DA:1231,0
DA:1238,1
DA:1239,1
DA:1242,1
DA:1243,4
DA:1246,1
DA:1249,2
DA:1250,2
DA:1251,2
DA:1254,1
DA:1255,1
DA:1257,1
DA:1258,3
DA:1259,1
DA:1263,1
DA:1265,1
LF:446
LH:375
end_of_record
SF:lib/src/cupertino/activity_indicator.dart
DA:20,448
DA:24,0
DA:25,0
DA:26,448
DA:27,448
DA:39,1
DA:40,1
DA:47,1
DA:49,1
DA:50,2
DA:55,2
DA:56,2
DA:59,1
DA:61,1
DA:62,4
DA:63,2
DA:64,2
DA:66,2
DA:70,1
DA:72,2
DA:73,1
DA:76,1
DA:78,1
DA:79,3
DA:80,3
DA:81,1
DA:82,1
DA:83,1
DA:84,2
DA:91,524
DA:93,524
DA:94,524
DA:95,524
DA:98,1
DA:101,1
DA:102,1
DA:103,2
DA:104,2
DA:105,3
DA:109,1
DA:114,1
DA:116,1
DA:118,1
DA:119,5
DA:121,4
DA:123,2
DA:124,4
DA:125,2
DA:126,2
DA:127,3
DA:130,1
DA:133,1
DA:135,3
LF:53
LH:51
end_of_record
SF:lib/src/cupertino/app.dart
DA:69,19
DA:93,0
DA:94,0
DA:95,0
DA:96,0
DA:97,0
DA:98,0
DA:99,0
DA:100,0
DA:101,19
DA:194,19
DA:195,19
DA:200,19
DA:201,19
DA:205,11
DA:211,11
DA:220,19
DA:222,19
DA:223,38
DA:224,19
DA:227,8
DA:229,8
DA:230,32
DA:235,0
DA:237,8
DA:242,19
DA:243,38
DA:244,6
DA:245,4
DA:246,0
DA:247,76
DA:248,38
DA:250,0
DA:259,19
DA:260,38
DA:261,2
DA:265,19
DA:267,38
DA:269,19
DA:270,19
DA:271,19
DA:273,19
DA:274,19
DA:275,38
DA:276,19
DA:277,19
DA:278,19
DA:279,38
DA:280,38
DA:281,38
DA:282,38
DA:283,38
DA:284,38
DA:285,38
DA:286,38
DA:287,38
DA:288,38
DA:289,38
DA:290,19
DA:291,38
DA:292,38
DA:293,38
DA:294,38
DA:295,38
DA:296,38
DA:297,38
DA:298,38
DA:299,0
DA:300,0
LF:69
LH:56
end_of_record
SF:lib/src/cupertino/bottom_tab_bar.dart
DA:15,524
DA:40,5
DA:56,0
DA:58,11
DA:61,0
DA:62,15
DA:63,0
DA:64,0
DA:65,5
DA:118,5
DA:123,5
DA:125,15
DA:126,10
DA:129,5
DA:131,15
DA:133,5
DA:134,5
DA:135,5
DA:136,15
DA:138,5
DA:139,5
DA:140,5
DA:141,5
DA:142,5
DA:143,5
DA:145,5
DA:146,25
DA:147,5
DA:148,5
DA:149,5
DA:152,5
DA:160,5
DA:162,5
DA:163,5
DA:164,5
DA:173,5
DA:174,5
DA:176,20
DA:177,10
DA:178,5
DA:179,5
DA:181,5
DA:182,5
DA:185,20
DA:186,5
DA:188,15
DA:189,5
DA:191,5
DA:193,15
DA:207,5
DA:208,5
DA:209,5
DA:210,15
DA:214,5
DA:215,10
DA:222,5
DA:226,15
DA:227,5
DA:228,5
DA:229,5
DA:230,5
DA:238,5
DA:249,5
DA:250,5
DA:251,5
DA:252,5
DA:253,5
DA:254,5
DA:255,5
DA:256,5
DA:257,0
DA:258,0
LF:72
LH:66
end_of_record
SF:lib/src/cupertino/button.dart
DA:10,524
DA:12,524
DA:14,524
DA:15,524
DA:30,12
DA:40,24
DA:42,12
DA:50,1
DA:59,2
DA:62,1
DA:121,24
DA:123,12
DA:124,12
DA:126,0
DA:128,0
DA:129,0
DA:135,11
DA:136,11
DA:142,12
DA:144,12
DA:145,24
DA:150,24
DA:151,24
DA:152,24
DA:153,12
DA:156,7
DA:158,7
DA:159,7
DA:162,12
DA:163,48
DA:166,12
DA:168,24
DA:169,12
DA:170,12
DA:175,11
DA:176,11
DA:177,11
DA:178,11
DA:182,11
DA:183,11
DA:184,11
DA:185,11
DA:189,1
DA:190,1
DA:191,1
DA:192,1
DA:196,11
DA:197,22
DA:199,11
DA:200,11
DA:201,22
DA:202,18
DA:203,20
DA:204,27
DA:205,8
DA:209,12
DA:211,24
DA:212,24
DA:213,44
DA:215,6
DA:220,48
DA:222,12
DA:224,12
DA:225,12
DA:226,12
DA:227,24
DA:228,12
DA:230,12
DA:231,24
DA:233,12
DA:234,24
DA:235,24
DA:237,12
DA:238,12
DA:239,12
DA:240,12
DA:241,24
DA:243,2
DA:246,12
DA:247,24
DA:250,12
DA:253,12
DA:255,12
DA:256,12
DA:257,24
LF:85
LH:82
end_of_record
SF:lib/src/cupertino/colors.dart
DA:10,0
DA:16,511
DA:23,443
DA:29,446
DA:39,454
DA:49,447
DA:54,456
DA:59,0
DA:64,444
DA:72,524
DA:81,507
LF:11
LH:9
end_of_record
SF:lib/src/cupertino/date_picker.dart
DA:23,524
DA:25,524
DA:29,1
DA:30,3
DA:41,1
DA:44,0
DA:45,0
DA:53,1
DA:55,1
DA:57,4
DA:58,5
DA:62,4
DA:63,2
DA:65,4
DA:66,5
DA:67,2
DA:70,2
DA:72,1
DA:73,1
DA:76,4
DA:77,2
DA:79,1
DA:83,1
DA:85,3
DA:86,0
DA:97,1048
DA:103,524
DA:109,524
DA:116,524
DA:120,1048
DA:122,524
DA:124,524
DA:126,524
DA:128,524
DA:130,524
DA:132,524
DA:134,524
DA:190,1
DA:200,1
DA:201,1
DA:202,1
DA:203,0
DA:205,3
DA:208,1
DA:210,3
DA:214,3
DA:218,8
DA:222,3
DA:226,5
DA:271,1
DA:277,4
DA:278,1
DA:280,1
DA:284,1
DA:292,1
DA:295,2
DA:298,2
DA:299,3
DA:303,1
DA:304,2
DA:305,1
DA:306,3
DA:310,1
DA:311,2
DA:312,1
DA:313,3
DA:317,1
DA:319,5
DA:320,0
DA:321,1
DA:323,1
DA:324,2
DA:325,1
DA:326,3
DA:330,1
DA:331,2
DA:332,1
DA:333,3
DA:337,1
DA:338,1
DA:342,1
DA:344,1
DA:345,1
DA:346,1
DA:349,1
DA:355,1
DA:357,1
DA:411,1
DA:413,1
DA:414,3
DA:415,1
DA:416,4
DA:417,4
DA:418,1
DA:420,2
DA:421,3
DA:422,3
DA:423,2
DA:424,1
DA:426,3
DA:429,2
DA:432,1
DA:434,1
DA:437,4
DA:442,1
DA:444,1
DA:446,4
DA:447,3
DA:449,3
DA:450,3
DA:452,2
DA:456,1
DA:457,3
DA:458,3
DA:459,3
DA:462,3
DA:466,1
DA:467,1
DA:468,2
DA:469,2
DA:470,2
DA:471,3
DA:473,1
DA:474,1
DA:475,1
DA:476,1
DA:477,8
DA:478,1
DA:483,1
DA:484,1
DA:485,2
DA:492,0
DA:493,0
DA:494,0
DA:496,1
DA:497,1
DA:498,2
DA:499,2
DA:500,2
DA:501,2
DA:503,2
DA:505,2
DA:508,1
DA:511,5
DA:512,0
DA:514,2
DA:517,1
DA:519,1
DA:521,1
DA:528,1
DA:529,1
DA:530,2
DA:537,1
DA:538,2
DA:539,0
DA:540,0
DA:542,2
DA:547,4
DA:548,2
DA:550,1
DA:552,2
DA:553,3
DA:558,3
DA:562,1
DA:564,2
DA:566,2
DA:567,3
DA:569,1
DA:570,1
DA:571,1
DA:572,2
DA:573,2
DA:574,2
DA:582,1
DA:583,1
DA:584,5
DA:591,1
DA:592,4
DA:593,3
DA:595,5
DA:596,3
DA:597,1
DA:598,1
DA:599,1
DA:600,2
DA:601,2
DA:602,2
DA:610,1
DA:611,1
DA:612,1
DA:619,1
DA:620,1
DA:621,3
DA:623,2
DA:624,1
DA:625,1
DA:626,1
DA:627,1
DA:628,2
DA:629,2
DA:630,2
DA:637,1
DA:640,1
DA:641,1
DA:642,1
DA:644,1
DA:645,1
DA:646,1
DA:650,2
DA:651,3
DA:652,0
DA:653,2
DA:654,2
DA:656,0
DA:657,0
DA:662,3
DA:663,3
DA:664,3
DA:665,0
DA:666,0
DA:668,2
DA:669,2
DA:673,1
DA:675,3
DA:677,1
DA:678,3
DA:679,3
DA:680,2
DA:683,3
DA:684,1
DA:685,3
DA:686,0
DA:688,2
DA:690,2
DA:692,1
DA:693,1
DA:694,3
DA:695,1
DA:696,1
DA:698,1
DA:699,5
DA:700,4
DA:702,2
DA:711,1
DA:713,1
DA:715,1
DA:716,1
DA:718,1
DA:749,1
DA:751,1
DA:752,4
DA:753,4
DA:754,4
DA:756,4
DA:759,1
DA:761,1
DA:763,4
DA:764,3
DA:766,3
DA:767,3
DA:769,6
DA:770,6
DA:771,6
DA:774,1
DA:775,6
DA:776,1
DA:777,1
DA:784,1
DA:785,2
DA:786,7
DA:787,6
DA:789,2
DA:790,2
DA:791,1
DA:792,1
DA:794,1
DA:795,1
DA:796,1
DA:797,3
DA:806,1
DA:807,1
DA:808,3
DA:815,1
DA:816,2
DA:817,7
DA:818,0
DA:820,2
DA:821,1
DA:822,1
DA:823,1
DA:824,3
DA:825,2
DA:833,1
DA:834,1
DA:835,2
DA:841,0
DA:842,0
DA:843,0
DA:844,0
DA:846,1
DA:847,3
DA:850,2
DA:853,1
DA:855,1
DA:856,2
DA:857,1
DA:864,1
DA:867,5
DA:868,2
DA:869,3
DA:870,2
DA:872,3
DA:878,2
DA:885,1
DA:887,1
DA:888,1
DA:890,2
DA:891,1
DA:892,4
DA:893,1
DA:894,3
DA:895,3
DA:896,3
DA:898,0
DA:899,0
DA:900,0
DA:901,0
DA:902,0
DA:903,0
DA:905,0
DA:906,0
DA:907,0
DA:908,0
DA:909,0
DA:910,0
DA:912,0
DA:913,0
DA:914,0
DA:915,0
DA:916,0
DA:917,0
DA:920,0
DA:923,1
DA:925,3
DA:926,4
DA:929,3
DA:932,2
DA:934,2
DA:936,1
DA:937,1
DA:938,3
DA:939,1
DA:940,1
DA:941,1
DA:942,1
DA:943,3
DA:944,2
DA:953,1
DA:955,1
DA:956,1
DA:957,1
DA:959,1
DA:960,1
DA:962,1
DA:990,1048
DA:994,524
DA:998,524
DA:1002,524
DA:1036,1
DA:1042,0
DA:1043,1
DA:1044,2
DA:1045,2
DA:1046,4
DA:1047,4
DA:1048,3
DA:1049,3
DA:1068,1
DA:1069,1
DA:1086,1
DA:1088,1
DA:1090,5
DA:1092,3
DA:1093,4
DA:1095,3
DA:1096,5
DA:1100,1
DA:1101,1
DA:1108,1
DA:1110,1
DA:1112,5
DA:1113,3
DA:1115,3
DA:1116,3
DA:1119,1
DA:1120,1
DA:1121,2
DA:1122,3
DA:1126,0
DA:1127,0
DA:1128,0
DA:1129,0
DA:1130,0
DA:1131,0
DA:1132,0
DA:1133,0
DA:1136,2
DA:1138,4
DA:1140,2
DA:1141,5
DA:1142,5
DA:1144,1
DA:1147,1
DA:1148,1
DA:1149,2
DA:1150,1
DA:1151,1
DA:1152,1
DA:1153,1
DA:1156,3
DA:1164,1
DA:1165,1
DA:1166,1
DA:1167,1
DA:1168,1
DA:1169,1
DA:1172,3
DA:1173,0
DA:1174,1
DA:1175,4
DA:1180,1
DA:1181,1
DA:1182,1
DA:1188,1
DA:1190,3
DA:1191,0
DA:1192,3
DA:1195,0
DA:1197,1
DA:1198,1
DA:1199,4
DA:1205,1
DA:1206,2
DA:1207,4
DA:1208,2
DA:1209,1
DA:1210,1
DA:1211,1
DA:1212,1
DA:1215,5
DA:1216,3
DA:1218,2
DA:1219,5
DA:1220,5
DA:1222,3
DA:1223,0
DA:1226,0
DA:1227,0
DA:1228,0
DA:1231,0
DA:1232,0
DA:1234,0
DA:1239,1
DA:1242,1
DA:1243,1
DA:1244,1
DA:1245,1
DA:1246,3
DA:1247,0
DA:1248,1
DA:1251,3
DA:1260,1
DA:1263,3
DA:1264,0
DA:1265,0
DA:1266,0
DA:1267,0
DA:1270,0
DA:1271,0
DA:1274,0
DA:1279,1
DA:1280,1
DA:1281,1
DA:1282,1
DA:1283,1
DA:1284,3
DA:1285,0
DA:1286,1
DA:1289,4
DA:1295,1
DA:1296,1
DA:1297,1
DA:1304,1
DA:1305,2
DA:1308,4
DA:1310,1
DA:1311,1
DA:1312,4
DA:1318,1
DA:1319,2
DA:1320,4
DA:1321,2
DA:1322,1
DA:1323,1
DA:1324,1
DA:1325,1
DA:1328,5
DA:1329,3
DA:1331,2
DA:1332,5
DA:1333,5
DA:1335,1
DA:1338,1
DA:1339,1
DA:1340,1
DA:1341,1
DA:1345,3
DA:1353,1
DA:1355,4
DA:1357,1
DA:1358,1
DA:1359,1
DA:1360,2
DA:1361,1
DA:1362,1
DA:1363,1
DA:1364,1
DA:1367,4
DA:1371,1
DA:1372,1
DA:1373,1
DA:1379,1
DA:1387,3
DA:1388,0
DA:1389,0
DA:1390,0
DA:1391,0
DA:1394,3
DA:1395,0
DA:1396,0
DA:1397,0
DA:1398,0
DA:1402,1
DA:1403,1
DA:1404,2
DA:1405,1
DA:1406,1
DA:1407,1
DA:1409,2
DA:1414,1
LF:550
LH:473
end_of_record
SF:lib/src/cupertino/dialog.dart
DA:18,524
DA:28,524
DA:39,524
DA:59,524
DA:73,524
DA:77,524
DA:82,524
DA:100,1
DA:101,1
DA:102,2
DA:134,1
DA:141,0
DA:142,1
DA:185,1
DA:186,1
DA:188,2
DA:189,1
DA:190,1
DA:191,1
DA:192,1
DA:194,2
DA:197,1
DA:199,1
DA:207,1
DA:208,1
DA:211,2
DA:212,1
DA:213,1
DA:214,1
DA:221,1
DA:223,1
DA:224,1
DA:225,2
DA:226,1
DA:227,2
DA:229,524
DA:231,1
DA:232,1
DA:233,1
DA:234,1
DA:239,1
DA:241,1
DA:245,1
DA:246,1
DA:247,1
DA:248,1
DA:277,0
DA:280,0
DA:285,0
DA:287,0
DA:288,0
DA:290,0
DA:291,0
DA:315,1
DA:319,1
DA:334,1
DA:336,1
DA:337,1
DA:338,1
DA:339,1
DA:340,1
DA:342,1
DA:343,1
DA:344,1
DA:357,1
DA:361,1
DA:366,1
DA:368,1
DA:369,3
DA:370,1
DA:374,1
DA:376,2
DA:379,1
DA:381,1
DA:386,2
DA:391,1
DA:392,1
DA:394,1
DA:395,1
DA:397,1
DA:399,1
DA:400,2
DA:402,1
DA:403,2
DA:407,1
DA:409,1
DA:410,5
DA:411,5
DA:414,1
DA:416,0
DA:418,1
DA:419,2
DA:421,1
DA:422,2
DA:427,0
DA:429,0
DA:432,1
DA:434,1
DA:435,5
DA:436,5
DA:439,0
DA:441,0
DA:442,0
DA:443,0
DA:445,0
DA:446,0
DA:450,0
DA:452,0
DA:453,0
DA:454,0
DA:456,0
DA:457,0
DA:487,1
DA:497,2
DA:499,1
DA:500,2
DA:501,1
DA:502,0
DA:504,1
DA:505,1
DA:506,2
DA:511,2
DA:513,1
DA:514,2
DA:515,1
DA:516,0
DA:518,1
DA:519,1
DA:520,2
DA:525,2
DA:527,1
DA:528,2
DA:529,0
DA:530,0
DA:534,2
DA:544,1
DA:546,1
DA:547,1
DA:548,2
DA:550,1
DA:551,2
DA:555,1
DA:557,1
DA:558,1
DA:559,2
DA:561,1
DA:562,2
DA:566,1
DA:568,1
DA:569,0
DA:571,1
DA:572,0
DA:576,1
DA:578,2
DA:579,2
DA:583,1
DA:585,1
DA:586,2
DA:588,1
DA:589,2
DA:593,0
DA:595,0
DA:596,0
DA:597,0
DA:599,0
DA:600,0
DA:605,1
DA:607,1
DA:610,1
DA:612,1
DA:615,1
DA:617,2
DA:618,2
DA:619,2
DA:620,3
DA:622,1
DA:627,1
DA:629,2
DA:630,2
DA:631,2
DA:632,3
DA:634,1
DA:639,1
DA:641,1
DA:644,1
DA:649,1
DA:653,1
DA:654,4
DA:655,4
DA:656,1
DA:658,3
DA:661,2
DA:662,4
DA:665,2
DA:668,2
DA:669,5
DA:672,2
DA:675,4
DA:678,3
DA:679,2
DA:684,3
DA:685,2
DA:686,4
DA:689,1
DA:690,4
DA:691,4
DA:692,1
DA:694,3
DA:695,3
DA:699,5
DA:706,2
DA:707,6
DA:710,2
DA:713,2
DA:714,5
DA:717,2
DA:722,0
DA:723,0
DA:726,0
DA:729,0
DA:730,0
DA:733,0
DA:737,4
DA:740,3
DA:741,2
DA:746,3
DA:747,2
DA:748,4
DA:751,1
DA:753,2
DA:754,4
DA:756,8
DA:758,2
DA:761,2
DA:762,4
DA:765,1
DA:766,1
DA:767,1
DA:768,1
DA:769,5
DA:770,2
DA:771,1
DA:773,1
DA:777,1
DA:780,2
DA:781,2
DA:782,4
DA:784,4
DA:793,1048
DA:794,524
DA:795,524
DA:804,1
DA:809,1
DA:830,1
DA:832,2
DA:833,1
DA:834,1
DA:835,2
DA:836,1
DA:839,1
DA:840,1
DA:842,1
DA:845,1
DA:850,1
DA:851,1
DA:852,1
DA:853,1
DA:856,1
DA:857,1
DA:859,1
DA:862,1
DA:868,1
DA:869,0
DA:870,0
DA:871,0
DA:875,1
DA:876,1
DA:877,1
DA:878,1
DA:893,1
DA:897,0
DA:898,1
DA:909,1
DA:910,1
DA:914,1
DA:916,2
DA:918,1
DA:919,5
DA:920,1
DA:921,1
DA:922,3
DA:927,1
DA:928,1
DA:929,2
DA:930,1
DA:932,1
DA:945,1
DA:951,1
DA:952,1
DA:958,1
DA:960,1
DA:961,1
DA:962,1
DA:964,1
DA:967,3
DA:968,1
DA:970,3
DA:971,1
DA:974,0
DA:975,2
DA:990,1
DA:994,1
DA:998,1
DA:1000,2
DA:1001,1
DA:1002,3
DA:1003,2
DA:1006,1
DA:1007,1
DA:1008,1
DA:1016,1
DA:1031,1
DA:1037,0
DA:1071,2
DA:1073,1
DA:1074,2
DA:1081,1
DA:1086,1
DA:1090,1
DA:1095,3
DA:1096,1
DA:1098,1
DA:1099,1
DA:1101,1
DA:1103,1
DA:1104,1
DA:1105,3
DA:1107,1
DA:1109,1
DA:1110,1
DA:1127,1
DA:1131,1
DA:1138,1
DA:1141,2
DA:1143,1
DA:1144,1
DA:1147,1
DA:1148,3
DA:1157,1
DA:1158,1
DA:1160,1
DA:1162,1
DA:1165,1
DA:1168,1
DA:1170,1
DA:1172,1
DA:1176,1
DA:1178,2
DA:1194,1
DA:1199,1
DA:1203,1
DA:1205,1
DA:1206,1
DA:1209,1
DA:1213,1
DA:1215,2
DA:1218,2
DA:1259,1
DA:1265,1
DA:1268,2
DA:1270,1
DA:1271,2
DA:1272,0
DA:1273,0
DA:1278,2
DA:1280,1
DA:1281,2
DA:1282,0
DA:1283,0
DA:1299,1
DA:1300,1
DA:1302,2
DA:1303,1
DA:1304,1
DA:1307,1
DA:1311,1
DA:1312,1
DA:1314,2
DA:1315,1
DA:1316,1
DA:1319,1
DA:1324,1
DA:1326,2
DA:1327,2
DA:1330,1
DA:1332,1
DA:1335,1
DA:1337,1
DA:1340,1
DA:1343,2
DA:1345,2
DA:1347,1
DA:1349,3
DA:1351,1
DA:1355,1
DA:1363,1
DA:1364,4
DA:1367,2
DA:1368,2
DA:1370,3
DA:1371,524
DA:1372,2
DA:1373,2
DA:1381,1
DA:1382,2
DA:1384,2
DA:1385,2
DA:1386,5
DA:1389,1
DA:1392,2
DA:1395,2
DA:1397,2
DA:1398,2
DA:1400,1
DA:1403,3
DA:1404,524
DA:1405,2
DA:1406,2
DA:1411,1
DA:1416,1
DA:1423,1
DA:1424,2
DA:1426,4
DA:1428,1
DA:1430,2
DA:1431,1
DA:1436,1
DA:1438,2
DA:1440,2
DA:1443,2
DA:1444,2
DA:1445,3
DA:1446,1
DA:1453,1
DA:1455,2
DA:1456,2
DA:1459,2
DA:1460,1
DA:1464,3
DA:1465,5
DA:1469,1
DA:1470,5
DA:1471,5
DA:1477,2
DA:1481,2
DA:1487,3
DA:1488,2
DA:1489,7
DA:1492,3
DA:1493,1
DA:1494,1
DA:1495,524
DA:1496,3
DA:1497,3
DA:1504,2
DA:1509,1
DA:1513,1
DA:1518,2
DA:1519,1
DA:1520,2
DA:1522,3
DA:1523,3
DA:1525,2
DA:1528,1
DA:1529,1
DA:1533,3
DA:1534,2
DA:1539,1
DA:1541,1
DA:1543,3
DA:1544,1
DA:1546,1
DA:1549,1
DA:1552,1
DA:1556,3
DA:1557,1
DA:1558,5
DA:1559,1
DA:1560,1
DA:1561,524
DA:1562,3
DA:1563,3
DA:1568,2
DA:1569,0
DA:1571,0
DA:1572,0
DA:1573,0
DA:1574,0
DA:1575,0
DA:1577,1
DA:1580,1
DA:1581,1
DA:1582,6
DA:1583,1
DA:1585,2
DA:1586,0
DA:1589,1
DA:1591,1
DA:1595,1
DA:1596,2
DA:1597,0
DA:1600,1
DA:1602,1
DA:1606,1
DA:1607,1
DA:1609,1
DA:1611,1
DA:1615,1
DA:1616,2
DA:1618,1
DA:1619,1
DA:1620,6
DA:1622,1
DA:1624,1
DA:1628,1
DA:1631,2
DA:1632,1
DA:1633,1
DA:1637,2
DA:1639,1
DA:1640,1
DA:1643,2
DA:1645,1
DA:1646,1
DA:1647,1
DA:1648,2
DA:1649,1
DA:1652,1
DA:1653,1
DA:1654,3
DA:1655,2
DA:1656,2
DA:1662,1
DA:1663,1
DA:1670,1
DA:1671,1
DA:1674,1
DA:1675,4
DA:1678,1
DA:1681,2
DA:1682,2
DA:1683,2
DA:1686,1
DA:1687,1
DA:1689,1
DA:1690,3
DA:1691,1
DA:1695,1
DA:1697,1
LF:559
LH:500
end_of_record
SF:lib/src/cupertino/icons.dart
DA:29,0
DA:40,0
DA:43,0
DA:51,0
DA:59,0
DA:66,1
DA:73,0
DA:80,0
DA:87,0
DA:90,0
DA:95,0
DA:98,0
DA:101,0
DA:104,0
DA:107,0
DA:110,0
DA:113,42
DA:120,0
DA:128,0
DA:135,0
DA:142,0
DA:149,0
DA:152,449
DA:155,0
DA:158,0
DA:161,0
DA:164,0
DA:167,0
DA:170,0
DA:173,448
DA:176,0
DA:179,0
DA:182,0
DA:185,0
DA:188,0
DA:191,0
DA:194,0
DA:197,0
DA:200,0
DA:205,0
DA:210,0
DA:218,0
DA:226,0
DA:234,0
DA:242,0
DA:250,0
DA:258,0
DA:266,0
DA:273,0
DA:280,0
DA:287,0
DA:294,0
DA:302,0
DA:310,0
DA:317,0
DA:324,0
DA:331,0
DA:338,0
DA:345,0
DA:352,0
DA:361,0
DA:370,0
DA:380,0
DA:388,0
DA:396,0
DA:403,0
DA:411,0
DA:419,0
DA:427,0
DA:435,453
DA:443,0
DA:451,0
DA:458,0
DA:466,1
DA:474,0
DA:482,1
DA:491,0
DA:499,0
DA:507,0
DA:515,1
DA:523,0
DA:530,0
DA:537,0
DA:544,0
DA:551,0
DA:558,0
DA:565,0
DA:572,0
DA:579,0
DA:588,0
DA:597,0
DA:606,0
DA:615,0
DA:622,0
DA:629,0
DA:637,0
DA:645,0
DA:653,0
DA:662,0
DA:671,0
DA:680,0
DA:689,0
DA:696,0
DA:703,0
DA:710,0
DA:717,0
DA:726,0
DA:735,0
DA:744,0
DA:753,0
DA:761,0
DA:769,0
DA:772,0
DA:775,0
DA:778,0
DA:781,0
DA:788,0
DA:795,0
DA:802,0
DA:809,0
DA:812,0
DA:819,0
DA:826,0
DA:833,0
DA:840,0
DA:847,0
DA:854,0
DA:861,0
DA:868,0
DA:875,0
DA:882,0
DA:889,0
DA:896,0
DA:903,0
DA:910,0
DA:917,0
DA:924,0
LF:137
LH:8
end_of_record
SF:lib/src/cupertino/localizations.dart
DA:14,1048
DA:18,524
DA:22,524
DA:26,524
DA:30,524
DA:34,1048
DA:38,524
DA:42,524
DA:46,524
DA:50,524
DA:229,6
DA:230,6
DA:235,164
DA:237,136
DA:238,272
DA:240,136
DA:241,136
DA:243,62
DA:246,0
DA:257,137
DA:259,3
DA:269,3
DA:284,2
DA:301,2
DA:302,2
DA:304,2
DA:305,4
DA:307,2
DA:308,2
DA:310,2
DA:311,2
DA:313,2
DA:314,4
DA:316,2
DA:317,4
DA:319,2
DA:321,2
DA:323,4
DA:326,3
DA:328,9
DA:329,9
DA:330,9
DA:333,2
DA:336,2
DA:339,2
DA:342,2
DA:345,0
DA:348,1
DA:351,2
DA:352,2
DA:354,2
DA:355,2
DA:357,2
DA:358,2
DA:360,2
DA:361,2
DA:363,2
DA:366,2
DA:369,2
DA:372,2
DA:375,2
DA:378,4
DA:387,136
DA:388,136
DA:393,446
LF:65
LH:63
end_of_record
SF:lib/src/cupertino/nav_bar.dart
DA:37,524
DA:39,524
DA:41,524
DA:51,524
DA:54,524
DA:59,0
DA:60,0
DA:62,4
DA:67,12
DA:71,12
DA:74,4
DA:76,8
DA:85,4
DA:93,8
DA:97,4
DA:103,4
DA:104,4
DA:111,8
DA:114,4
DA:115,4
DA:116,4
DA:126,4
DA:131,1
DA:132,2
DA:138,4
DA:139,4
DA:144,8
DA:189,4
DA:203,0
DA:204,0
DA:205,0
DA:207,0
DA:212,0
DA:216,4
DA:364,4
DA:365,7
DA:367,4
DA:372,4
DA:374,4
DA:384,4
DA:386,4
DA:387,8
DA:390,4
DA:393,16
DA:395,4
DA:396,4
DA:397,4
DA:398,8
DA:399,8
DA:400,8
DA:401,8
DA:402,8
DA:403,8
DA:404,8
DA:409,4
DA:410,8
DA:412,4
DA:413,12
DA:414,4
DA:416,8
DA:421,12
DA:423,9
DA:426,4
DA:428,8
DA:430,4
DA:432,4
DA:433,4
DA:434,12
DA:435,8
DA:436,0
DA:437,4
DA:438,4
DA:439,4
DA:441,4
DA:442,4
DA:444,12
DA:445,12
DA:447,8
DA:448,8
DA:509,3
DA:524,0
DA:525,0
DA:527,3
DA:532,3
DA:613,0
DA:615,3
DA:616,3
DA:625,3
DA:627,3
DA:628,6
DA:631,3
DA:634,12
DA:636,3
DA:637,3
DA:638,3
DA:639,6
DA:640,6
DA:641,6
DA:642,6
DA:643,6
DA:644,6
DA:645,6
DA:646,6
DA:650,3
DA:652,6
DA:654,3
DA:656,3
DA:657,3
DA:659,6
DA:660,12
DA:661,6
DA:662,6
DA:664,6
DA:665,6
DA:666,12
DA:667,6
DA:676,3
DA:688,0
DA:689,0
DA:690,0
DA:704,3
DA:705,3
DA:707,3
DA:708,6
DA:710,3
DA:712,15
DA:715,3
DA:716,3
DA:717,3
DA:720,3
DA:723,3
DA:724,3
DA:725,3
DA:726,3
DA:727,9
DA:728,3
DA:730,3
DA:731,3
DA:732,3
DA:736,3
DA:740,3
DA:744,3
DA:749,3
DA:752,3
DA:755,3
DA:757,3
DA:758,9
DA:761,6
DA:770,3
DA:781,6
DA:785,3
DA:786,6
DA:787,6
DA:788,0
DA:789,3
DA:790,3
DA:791,3
DA:796,3
DA:797,3
DA:798,3
DA:799,9
DA:800,9
DA:801,9
DA:802,3
DA:803,3
DA:810,0
DA:812,0
DA:813,0
DA:814,0
DA:815,0
DA:816,0
DA:817,0
DA:818,0
DA:819,0
DA:820,0
DA:821,0
DA:831,4
DA:836,4
DA:845,4
DA:847,8
DA:850,4
DA:851,12
DA:852,4
DA:856,4
DA:858,3
DA:859,3
DA:865,8
DA:866,8
DA:867,8
DA:870,4
DA:876,4
DA:879,8
DA:884,4
DA:885,1
DA:886,1
DA:887,2
DA:888,2
DA:894,4
DA:895,16
DA:896,4
DA:912,4
DA:913,4
DA:914,4
DA:915,4
DA:916,4
DA:917,4
DA:918,4
DA:919,4
DA:936,4
DA:948,4
DA:949,4
DA:955,4
DA:956,4
DA:961,4
DA:962,4
DA:968,4
DA:969,4
DA:976,4
DA:977,4
DA:981,4
DA:982,4
DA:989,3
DA:995,3
DA:996,3
DA:997,4
DA:1004,4
DA:1017,4
DA:1018,4
DA:1019,4
DA:1021,2
DA:1024,3
DA:1032,2
DA:1034,2
DA:1035,2
DA:1036,1
DA:1038,2
DA:1049,4
DA:1059,4
DA:1060,8
DA:1065,4
DA:1071,4
DA:1082,4
DA:1083,8
DA:1088,4
DA:1090,4
DA:1100,4
DA:1114,3
DA:1123,4
DA:1130,4
DA:1139,2
DA:1141,2
DA:1142,2
DA:1143,1
DA:1145,2
DA:1158,4
DA:1169,2
DA:1175,0
DA:1179,3
DA:1200,1
DA:1208,4
DA:1230,4
DA:1232,4
DA:1234,9
DA:1238,12
DA:1239,4
DA:1240,0
DA:1243,4
DA:1244,4
DA:1249,4
DA:1251,4
DA:1253,4
DA:1256,4
DA:1258,4
DA:1260,4
DA:1261,4
DA:1262,0
DA:1272,2
DA:1279,1048
DA:1281,4
DA:1283,4
DA:1284,8
DA:1288,4
DA:1289,4
DA:1290,8
DA:1291,4
DA:1293,4
DA:1295,4
DA:1296,4
DA:1301,4
DA:1302,1
DA:1303,3
DA:1309,4
DA:1320,4
DA:1324,0
DA:1325,4
DA:1332,4
DA:1337,3
DA:1343,6
DA:1347,3
DA:1354,4
DA:1356,4
DA:1357,2
DA:1358,8
DA:1359,4
DA:1363,4
DA:1364,4
DA:1365,4
DA:1382,4
DA:1392,0
DA:1393,0
DA:1394,0
DA:1395,8
DA:1407,2
DA:1408,8
DA:1410,2
DA:1418,4
DA:1420,4
DA:1422,8
DA:1423,4
DA:1425,12
DA:1431,12
DA:1439,4
DA:1444,4
DA:1445,4
DA:1465,2
DA:1469,2
DA:1470,6
DA:1471,6
DA:1473,2
DA:1474,2
DA:1475,2
DA:1477,2
DA:1478,2
DA:1479,2
DA:1490,2
DA:1492,2
DA:1493,2
DA:1494,2
DA:1495,2
DA:1496,2
DA:1499,2
DA:1502,2
DA:1503,2
DA:1504,2
DA:1505,2
DA:1508,6
DA:1509,6
DA:1510,2
DA:1511,6
DA:1518,2
DA:1519,2
DA:1520,2
DA:1521,2
DA:1522,2
DA:1523,2
DA:1525,2
DA:1526,2
DA:1527,2
DA:1528,2
DA:1529,2
DA:1530,2
DA:1533,4
DA:1539,2
DA:1540,540
DA:1542,2
DA:1572,2
DA:1577,2
DA:1578,2
DA:1579,2
DA:1580,2
DA:1581,2
DA:1582,2
DA:1583,2
DA:1584,2
DA:1585,2
DA:1586,2
DA:1587,2
DA:1588,2
DA:1589,2
DA:1590,2
DA:1593,10
DA:1594,3
DA:1596,6
DA:1600,6
DA:1636,2
DA:1640,4
DA:1641,2
DA:1643,2
DA:1644,6
DA:1645,2
DA:1659,2
DA:1665,2
DA:1667,4
DA:1668,4
DA:1674,2
DA:1677,2
DA:1679,16
DA:1680,4
DA:1682,4
DA:1685,7
DA:1688,2
DA:1690,4
DA:1694,2
DA:1695,8
DA:1696,4
DA:1700,2
DA:1701,8
DA:1702,4
DA:1706,2
DA:1707,6
DA:1713,1
DA:1714,4
DA:1715,1
DA:1716,1
DA:1717,1
DA:1722,2
DA:1723,6
DA:1729,2
DA:1730,8
DA:1731,2
DA:1732,2
DA:1733,2
DA:1734,2
DA:1735,2
DA:1741,2
DA:1742,6
DA:1748,8
DA:1751,2
DA:1753,2
DA:1754,2
DA:1755,14
DA:1761,2
DA:1762,4
DA:1763,2
DA:1764,2
DA:1765,2
DA:1766,2
DA:1767,2
DA:1773,2
DA:1774,6
DA:1775,6
DA:1776,6
DA:1780,4
DA:1786,2
DA:1787,6
DA:1788,4
DA:1789,2
DA:1790,4
DA:1791,2
DA:1793,2
DA:1795,4
DA:1796,2
DA:1800,2
DA:1801,6
DA:1802,2
DA:1803,2
DA:1805,2
DA:1816,1
DA:1817,4
DA:1818,1
DA:1819,2
DA:1821,1
DA:1822,1
DA:1823,1
DA:1832,2
DA:1833,6
DA:1834,6
DA:1835,6
DA:1837,1
DA:1843,1
DA:1844,3
DA:1845,2
DA:1846,1
DA:1847,2
DA:1848,1
DA:1850,1
DA:1851,1
DA:1852,1
DA:1856,1
DA:1857,3
DA:1858,1
DA:1859,1
DA:1863,1
DA:1873,0
DA:1875,0
DA:1877,0
DA:1878,0
DA:1879,0
DA:1887,0
DA:1888,0
DA:1889,0
DA:1890,0
DA:1892,0
DA:1893,0
DA:1894,0
DA:1903,2
DA:1904,6
DA:1910,1
DA:1911,4
DA:1912,1
DA:1913,1
DA:1914,1
DA:1919,2
DA:1920,6
DA:1926,1
DA:1927,4
DA:1928,1
DA:1929,1
DA:1930,1
DA:1935,2
DA:1936,6
DA:1937,6
DA:1943,8
DA:1949,4
DA:1950,1
DA:1951,1
DA:1952,5
DA:1958,2
DA:1963,2
DA:1964,4
DA:1965,2
DA:1966,2
DA:1967,2
DA:1968,2
DA:1969,2
DA:1975,2
DA:1976,6
DA:1977,6
DA:1978,6
DA:1985,8
DA:1990,6
DA:1991,0
DA:1993,0
DA:2004,1
DA:2005,1
DA:2006,3
DA:2007,2
DA:2008,1
DA:2009,2
DA:2010,1
DA:2012,1
DA:2013,1
DA:2014,1
DA:2015,3
DA:2016,1
DA:2017,1
DA:2021,1
DA:2030,2
DA:2031,6
DA:2032,4
DA:2033,2
DA:2034,4
DA:2035,2
DA:2037,2
DA:2038,2
DA:2039,2
DA:2040,6
DA:2041,2
DA:2042,2
DA:2044,2
DA:2053,2
DA:2054,6
DA:2062,4
DA:2066,8
DA:2069,2
DA:2070,2
DA:2071,2
DA:2072,12
DA:2079,2
DA:2080,4
DA:2081,2
DA:2082,2
DA:2083,2
DA:2084,2
DA:2085,2
DA:2091,2
DA:2092,6
DA:2098,0
DA:2099,0
DA:2100,0
DA:2101,0
DA:2102,0
DA:2107,2
DA:2108,6
DA:2110,1
DA:2114,4
DA:2117,1
DA:2118,1
DA:2119,1
DA:2120,5
DA:2127,1
DA:2128,2
DA:2129,1
DA:2130,1
DA:2131,1
DA:2132,1
DA:2135,1
DA:2144,12
DA:2145,4
DA:2146,20
DA:2147,20
DA:2149,4
DA:2150,8
DA:2151,8
DA:2155,10
DA:2159,2
DA:2171,2
DA:2181,10
DA:2188,0
DA:2189,0
DA:2190,0
DA:2191,0
DA:2192,4
DA:2193,4
DA:2195,2
DA:2196,2
DA:2198,4
DA:2199,4
DA:2201,2
DA:2202,2
DA:2204,2
DA:2205,2
DA:2208,8
DA:2212,8
DA:2217,2
DA:2218,2
DA:2224,1
DA:2225,1
LF:628
LH:572
end_of_record
SF:lib/src/cupertino/page_scaffold.dart
DA:21,6
DA:27,0
DA:28,0
DA:29,6
DA:64,6
DA:65,6
DA:71,1
DA:73,2
DA:74,2
DA:83,6
DA:85,6
DA:87,12
DA:89,6
DA:90,12
DA:94,28
DA:97,8
DA:98,8
DA:101,8
DA:104,8
DA:105,1
DA:108,28
DA:114,1
DA:117,1
DA:118,1
DA:121,1
DA:122,1
DA:127,4
DA:128,4
DA:129,8
DA:134,4
DA:135,4
DA:143,12
DA:144,6
DA:148,12
DA:149,8
DA:153,8
DA:159,12
DA:163,12
DA:164,6
DA:166,6
DA:171,6
DA:172,6
DA:173,24
DA:175,6
LF:44
LH:42
end_of_record
SF:lib/src/cupertino/picker.dart
DA:13,524
DA:14,524
DA:61,2
DA:74,0
DA:75,0
DA:76,2
DA:77,2
DA:78,0
DA:79,2
DA:80,0
DA:81,2
DA:83,1
DA:84,2
DA:85,2
DA:104,1
DA:117,0
DA:118,0
DA:119,1
DA:120,1
DA:121,0
DA:122,1
DA:123,0
DA:124,1
DA:125,1
DA:126,1
DA:185,2
DA:186,2
DA:193,2
DA:195,2
DA:196,4
DA:197,4
DA:201,1
DA:203,3
DA:204,1
DA:205,3
DA:206,1
DA:207,2
DA:209,1
DA:212,2
DA:214,4
DA:215,2
DA:218,2
DA:221,4
DA:222,2
DA:223,1
DA:224,1
DA:227,4
DA:228,4
DA:233,2
DA:238,12
DA:239,1
DA:241,4
DA:242,2
DA:243,2
DA:244,2
DA:245,2
DA:246,2
DA:247,2
DA:249,2
DA:250,2
DA:251,2
DA:252,2
DA:253,2
DA:254,2
DA:271,2
DA:272,6
DA:273,10
DA:276,2
DA:277,2
DA:278,2
DA:279,2
DA:280,2
DA:284,2
DA:291,2
DA:292,10
DA:295,2
DA:296,2
DA:305,1
DA:306,3
DA:307,5
DA:310,1
DA:311,1
DA:312,2
DA:313,1
DA:315,1
DA:316,5
DA:319,2
DA:324,2
DA:325,2
DA:326,2
DA:327,4
DA:333,2
DA:335,2
DA:336,6
DA:337,2
DA:338,2
DA:339,2
DA:340,2
DA:341,6
DA:342,2
DA:343,6
DA:345,4
DA:347,4
DA:348,4
DA:349,4
DA:350,4
DA:351,4
DA:352,2
DA:353,4
DA:357,2
DA:358,2
DA:364,12
DA:365,1
DA:366,1
DA:367,1
DA:368,1
DA:372,2
DA:385,2
DA:389,2
DA:393,2
DA:394,6
DA:396,1
DA:399,2
DA:400,2
DA:405,2
DA:406,2
DA:409,4
DA:411,2
DA:412,4
DA:414,2
DA:415,3
DA:417,4
DA:418,4
DA:419,2
DA:422,4
DA:424,1
DA:425,2
DA:427,0
DA:428,0
DA:433,1
DA:434,4
DA:437,0
DA:438,0
DA:440,0
DA:443,2
DA:444,8
DA:446,6
DA:447,2
DA:449,2
DA:451,2
DA:452,2
DA:453,4
DA:456,1
DA:458,1
DA:459,0
DA:460,1
DA:461,1
DA:462,2
DA:463,1
DA:464,2
DA:467,2
DA:468,0
DA:470,4
DA:471,3
DA:472,3
DA:474,2
DA:475,2
DA:478,2
DA:479,2
DA:481,1
LF:170
LH:155
end_of_record
SF:lib/src/cupertino/refresh.dart
DA:17,1
DA:22,0
DA:23,1
DA:24,0
DA:25,1
DA:36,1
DA:38,1
DA:39,1
DA:40,1
DA:44,1
DA:47,2
DA:48,2
DA:60,1
DA:64,0
DA:65,1
DA:66,0
DA:69,1
DA:74,0
DA:76,1
DA:77,0
DA:78,1
DA:79,2
DA:81,0
DA:82,0
DA:88,0
DA:90,1
DA:91,0
DA:92,2
DA:94,1
DA:95,1
DA:104,1
DA:107,3
DA:108,3
DA:112,3
DA:116,2
DA:117,2
DA:118,2
DA:120,1
DA:128,4
DA:130,6
DA:134,2
DA:135,2
DA:139,1
DA:144,2
DA:146,4
DA:147,524
DA:152,530
DA:155,524
DA:156,530
DA:159,527
DA:163,1
DA:167,1
DA:169,3
DA:170,7
DA:171,2
DA:177,1
DA:185,1048
DA:188,524
DA:191,524
DA:195,524
DA:198,524
DA:201,524
DA:289,1
DA:295,0
DA:296,1
DA:297,0
DA:298,1
DA:300,1
DA:304,1
DA:354,1
DA:357,1
DA:358,1
DA:365,0
DA:373,0
DA:375,0
DA:377,0
DA:378,0
DA:379,0
DA:380,524
DA:388,0
DA:389,0
DA:390,524
DA:398,1
DA:399,1
DA:421,1
DA:423,1
DA:424,1
DA:429,1
DA:432,1
DA:436,3
DA:437,3
DA:439,3
DA:440,3
DA:445,1
DA:446,1
DA:447,2
DA:454,1
DA:455,2
DA:457,4
DA:460,2
DA:461,1
DA:465,3
DA:466,5
DA:467,1
DA:468,3
DA:473,2
DA:476,3
DA:484,1
DA:485,3
DA:486,1
DA:490,4
DA:497,1
DA:498,1
DA:501,1
DA:505,1
DA:510,2
DA:511,3
DA:522,1
DA:524,1
DA:525,2
DA:526,1
DA:529,1
DA:530,1
DA:531,2
DA:532,2
DA:533,4
DA:534,2
DA:536,1
DA:537,1
DA:538,2
DA:539,2
DA:542,1
LF:132
LH:112
end_of_record
SF:lib/src/cupertino/route.dart
DA:27,524
DA:30,524
DA:33,129
DA:39,129
DA:45,18
DA:52,129
DA:100,19
DA:106,0
DA:107,0
DA:108,0
DA:109,19
DA:110,19
DA:138,4
DA:140,4
DA:143,4
DA:146,8
DA:148,8
DA:149,8
DA:151,8
DA:152,16
DA:154,2
DA:156,8
DA:162,19
DA:166,19
DA:169,19
DA:172,8
DA:174,8
DA:177,10
DA:180,18
DA:191,136
DA:192,272
DA:203,0
DA:214,0
DA:216,7
DA:219,7
DA:223,6
DA:227,6
DA:230,6
DA:233,18
DA:238,18
DA:241,6
DA:248,19
DA:250,19
DA:253,19
DA:255,19
DA:257,0
DA:258,0
DA:263,19
DA:270,6
DA:271,6
DA:273,6
DA:274,6
DA:275,6
DA:293,43
DA:300,43
DA:301,6
DA:306,43
DA:314,43
DA:315,43
DA:316,14
DA:317,12
DA:324,19
DA:326,19
DA:329,19
DA:330,76
DA:346,43
DA:352,0
DA:356,43
DA:367,86
DA:371,43
DA:376,86
DA:380,43
DA:384,86
DA:385,43
DA:396,43
DA:398,43
DA:399,43
DA:400,43
DA:401,43
DA:404,43
DA:405,43
DA:407,43
DA:408,43
DA:409,43
DA:422,6
DA:426,6
DA:431,6
DA:432,12
DA:433,6
DA:440,6
DA:442,6
DA:443,6
DA:444,6
DA:461,43
DA:466,0
DA:467,0
DA:468,0
DA:469,43
DA:477,43
DA:478,43
DA:486,43
DA:488,43
DA:489,86
DA:490,86
DA:491,86
DA:492,86
DA:493,86
DA:496,43
DA:498,86
DA:499,43
DA:502,6
DA:503,6
DA:504,6
DA:505,18
DA:508,6
DA:509,6
DA:510,6
DA:511,48
DA:514,6
DA:515,6
DA:516,6
DA:517,60
DA:518,6
DA:521,0
DA:522,0
DA:525,0
DA:526,0
DA:529,7
DA:530,14
DA:531,12
DA:534,6
DA:535,12
DA:536,6
DA:537,1
DA:538,6
DA:544,43
DA:546,43
DA:549,86
DA:550,129
DA:551,6
DA:552,524
DA:553,43
DA:555,43
DA:556,86
DA:557,43
DA:562,43
DA:563,43
DA:588,6
DA:591,0
DA:592,0
DA:593,12
DA:601,6
DA:602,18
DA:607,6
DA:620,12
DA:621,0
DA:623,18
DA:629,524
DA:630,20
DA:633,15
DA:636,10
DA:639,10
DA:641,20
DA:642,15
DA:646,12
DA:651,5
DA:652,10
DA:653,10
DA:655,10
DA:657,6
DA:672,524
DA:676,43
DA:701,9
DA:706,0
DA:709,9
DA:710,27
DA:714,9
DA:716,9
DA:717,0
DA:718,9
DA:721,0
DA:723,0
DA:724,0
DA:725,0
DA:728,43
DA:730,43
DA:733,30
DA:735,90
DA:738,90
DA:741,0
DA:742,0
DA:744,0
DA:746,0
DA:747,0
DA:753,43
DA:756,0
DA:757,43
DA:761,43
DA:763,86
DA:768,43
DA:769,0
DA:772,43
DA:773,4
DA:775,43
DA:776,129
DA:779,129
DA:780,43
DA:781,86
DA:783,43
DA:788,1
DA:792,1
DA:799,1
DA:802,1
DA:805,1
DA:808,1
DA:815,1
DA:817,1
DA:818,2
DA:819,1
DA:824,1
DA:826,2
DA:830,1
DA:833,1
DA:835,1
DA:838,1
DA:840,1
DA:842,1
DA:843,3
DA:874,1
DA:878,2
DA:879,1
DA:889,3
DA:890,2
DA:892,1
DA:893,1
DA:897,2
DA:898,1
DA:903,1
DA:905,1
DA:907,2
DA:942,1
DA:946,0
DA:947,1
DA:953,1
DA:954,1
LF:245
LH:213
end_of_record
SF:lib/src/cupertino/scrollbar.dart
DA:10,524
DA:16,524
DA:17,524
DA:18,524
DA:39,5
DA:42,5
DA:50,5
DA:51,5
DA:62,5
DA:64,5
DA:65,10
DA:69,10
DA:70,5
DA:75,5
DA:77,5
DA:78,15
DA:79,10
DA:83,5
DA:84,5
DA:86,5
DA:88,5
DA:97,5
DA:98,5
DA:99,5
DA:101,15
DA:102,10
DA:105,7
DA:106,25
DA:107,5
DA:110,5
DA:111,8
DA:112,4
DA:113,2
DA:119,5
DA:121,10
DA:122,7
DA:123,10
DA:124,5
DA:127,5
DA:129,5
DA:130,5
DA:131,5
DA:132,5
DA:133,5
DA:134,5
DA:135,10
LF:46
LH:46
end_of_record
SF:lib/src/cupertino/segmented_control.dart
DA:16,524
DA:23,524
DA:81,2
DA:90,1
DA:91,5
DA:92,1
DA:94,9
DA:97,2
DA:182,2
DA:183,2
DA:202,2
DA:203,2
DA:206,4
DA:207,4
DA:213,2
DA:214,2
DA:216,10
DA:217,4
DA:219,2
DA:221,10
DA:222,4
DA:224,2
DA:226,10
DA:227,4
DA:229,2
DA:231,12
DA:232,4
DA:234,2
DA:237,4
DA:238,2
DA:239,2
DA:241,4
DA:242,2
DA:243,2
DA:245,4
DA:246,2
DA:247,2
DA:252,2
DA:253,2
DA:254,3
DA:255,1
DA:257,4
DA:258,4
DA:260,8
DA:261,2
DA:262,6
DA:263,6
DA:264,2
DA:266,6
DA:268,4
DA:272,2
DA:274,2
DA:276,2
DA:277,2
DA:281,1
DA:283,1
DA:285,7
DA:286,1
DA:289,4
DA:291,4
DA:292,3
DA:293,3
DA:294,3
DA:296,3
DA:297,3
DA:299,1
DA:304,2
DA:306,4
DA:307,2
DA:309,2
DA:313,1
DA:314,4
DA:315,2
DA:316,1
DA:321,1
DA:322,2
DA:323,1
DA:327,1
DA:328,5
DA:329,1
DA:330,1
DA:334,2
DA:335,6
DA:336,4
DA:337,6
DA:338,2
DA:339,2
DA:342,2
DA:343,6
DA:344,5
DA:345,6
DA:346,2
DA:347,4
DA:348,1
DA:349,2
DA:352,2
DA:354,2
DA:355,2
DA:359,8
DA:360,6
DA:361,4
DA:363,6
DA:364,2
DA:366,2
DA:367,2
DA:370,2
DA:371,6
DA:374,2
DA:375,1
DA:376,1
DA:378,2
DA:379,1
DA:380,1
DA:382,2
DA:384,2
DA:386,2
DA:389,6
DA:396,4
DA:397,2
DA:398,2
DA:401,2
DA:406,2
DA:409,2
DA:410,4
DA:411,2
DA:420,2
DA:427,2
DA:437,2
DA:439,2
DA:440,2
DA:441,2
DA:442,2
DA:443,2
DA:444,2
DA:448,1
DA:451,2
DA:452,2
DA:453,2
DA:454,2
DA:455,2
DA:468,2
DA:475,0
DA:481,2
DA:484,2
DA:486,1
DA:487,2
DA:490,1
DA:491,1
DA:494,0
DA:496,1
DA:497,2
DA:500,1
DA:501,1
DA:504,4
DA:506,1
DA:507,2
DA:510,0
DA:511,0
DA:514,4
DA:516,1
DA:517,2
DA:520,1
DA:521,1
DA:524,4
DA:526,1
DA:527,2
DA:530,0
DA:531,0
DA:534,2
DA:536,2
DA:539,2
DA:540,2
DA:541,524
DA:542,2
DA:544,4
DA:547,2
DA:549,2
DA:552,2
DA:553,2
DA:554,524
DA:555,2
DA:557,4
DA:560,2
DA:562,2
DA:565,2
DA:566,2
DA:567,524
DA:568,2
DA:573,2
DA:575,2
DA:578,2
DA:579,2
DA:580,524
DA:581,2
DA:586,0
DA:588,0
DA:591,2
DA:593,4
DA:594,4
DA:598,2
DA:602,2
DA:603,2
DA:604,2
DA:605,10
DA:607,2
DA:608,2
DA:610,2
DA:611,2
DA:614,1
DA:616,2
DA:617,6
DA:618,2
DA:622,2
DA:626,8
DA:627,4
DA:628,526
DA:630,532
DA:632,2
DA:634,2
DA:635,524
DA:636,2
DA:639,4
DA:641,2
DA:646,2
DA:648,2
DA:649,2
DA:652,2
DA:653,2
DA:654,1
DA:655,1
DA:656,1
DA:657,1
DA:660,2
DA:661,2
DA:662,2
DA:663,2
DA:664,2
DA:669,12
DA:672,2
DA:674,2
DA:677,2
DA:678,2
DA:679,2
DA:683,2
DA:684,0
DA:686,2
DA:688,4
DA:689,4
DA:690,2
DA:691,6
DA:692,2
DA:694,4
DA:695,4
DA:696,2
DA:697,4
DA:698,2
DA:699,2
DA:702,6
DA:705,1
DA:707,0
DA:708,1
DA:710,1
DA:711,2
DA:712,4
DA:714,1
LF:265
LH:255
end_of_record
SF:lib/src/cupertino/slider.dart
DA:52,2
DA:62,0
DA:63,0
DA:64,0
DA:65,4
DA:66,0
DA:67,2
DA:195,2
DA:196,2
DA:198,0
DA:200,0
DA:201,0
DA:202,0
DA:203,0
DA:208,2
DA:209,4
DA:210,10
DA:211,6
DA:212,4
DA:216,1
DA:217,2
DA:218,7
DA:221,1
DA:222,2
DA:223,7
DA:226,2
DA:228,2
DA:229,22
DA:230,4
DA:231,8
DA:232,6
DA:233,5
DA:234,5
DA:241,2
DA:250,2
DA:260,2
DA:262,2
DA:263,2
DA:264,2
DA:265,2
DA:266,2
DA:267,2
DA:268,2
DA:269,2
DA:270,2
DA:274,2
DA:277,4
DA:278,4
DA:279,4
DA:280,4
DA:281,4
DA:282,4
DA:283,4
DA:290,524
DA:291,524
DA:293,524
DA:298,2
DA:307,4
DA:308,0
DA:314,2
DA:315,4
DA:316,4
DA:317,4
DA:318,4
DA:319,4
DA:323,4
DA:326,4
DA:328,2
DA:329,4
DA:330,4
DA:332,1
DA:333,1
DA:334,0
DA:336,2
DA:337,1
DA:340,4
DA:342,2
DA:343,4
DA:345,0
DA:346,0
DA:349,0
DA:351,2
DA:352,4
DA:354,1
DA:355,1
DA:358,4
DA:360,2
DA:361,4
DA:363,1
DA:364,1
DA:365,2
DA:366,1
DA:372,4
DA:374,2
DA:375,0
DA:376,4
DA:378,0
DA:379,0
DA:387,2
DA:388,4
DA:389,2
DA:390,0
DA:394,2
DA:395,8
DA:396,2
DA:398,2
DA:399,2
DA:400,2
DA:402,2
DA:403,2
DA:406,10
DA:409,4
DA:411,6
DA:413,2
DA:414,2
DA:415,534
DA:416,4
DA:417,2
DA:418,2
DA:419,2
DA:421,2
DA:422,4
DA:425,4
DA:429,2
DA:431,2
DA:432,2
DA:433,2
DA:434,2
DA:436,4
DA:437,4
DA:441,1
DA:442,1
DA:443,2
DA:445,1
DA:448,2
DA:450,12
DA:453,2
DA:455,2
DA:456,4
DA:457,4
DA:462,2
DA:467,2
DA:468,2
DA:469,3
DA:470,1
DA:473,2
DA:474,4
DA:476,2
DA:480,10
DA:481,6
DA:482,2
DA:483,2
DA:484,6
DA:485,6
DA:487,2
DA:489,2
DA:490,4
DA:491,4
DA:494,2
DA:495,4
DA:496,4
DA:499,2
DA:500,6
DA:503,2
DA:505,2
DA:507,4
DA:508,2
DA:509,4
DA:510,4
DA:511,4
DA:512,10
DA:513,16
DA:514,16
DA:518,4
DA:520,0
DA:521,0
DA:522,0
DA:525,0
DA:526,0
DA:527,0
LF:180
LH:156
end_of_record
SF:lib/src/cupertino/switch.dart
DA:59,3
DA:65,0
DA:66,0
DA:67,3
DA:124,3
DA:125,3
DA:127,0
DA:129,0
DA:130,0
DA:131,0
DA:136,3
DA:138,3
DA:139,6
DA:140,3
DA:141,6
DA:142,6
DA:143,6
DA:145,6
DA:152,3
DA:159,3
DA:167,3
DA:169,3
DA:170,3
DA:171,3
DA:172,3
DA:173,3
DA:174,3
DA:175,3
DA:179,3
DA:182,6
DA:183,6
DA:184,6
DA:185,6
DA:186,6
DA:187,6
DA:193,524
DA:194,524
DA:195,524
DA:196,524
DA:202,524
DA:203,524
DA:204,524
DA:207,3
DA:214,0
DA:215,0
DA:216,0
DA:222,3
DA:223,6
DA:224,6
DA:225,6
DA:226,6
DA:227,6
DA:228,6
DA:229,6
DA:230,6
DA:231,6
DA:232,3
DA:233,6
DA:238,6
DA:239,3
DA:241,6
DA:242,6
DA:243,6
DA:247,6
DA:248,3
DA:250,6
DA:259,6
DA:261,3
DA:262,0
DA:263,6
DA:265,3
DA:266,3
DA:267,3
DA:268,3
DA:269,6
DA:271,6
DA:273,2
DA:276,0
DA:278,3
DA:279,0
DA:280,6
DA:282,0
DA:283,0
DA:284,0
DA:287,4
DA:289,3
DA:290,0
DA:291,6
DA:293,0
DA:294,0
DA:297,6
DA:299,3
DA:300,6
DA:302,3
DA:303,3
DA:304,6
DA:305,1
DA:306,1
DA:310,6
DA:312,3
DA:313,0
DA:314,6
DA:316,0
DA:317,0
DA:320,0
DA:321,3
DA:322,0
DA:323,9
DA:325,2
DA:328,6
DA:333,3
DA:335,3
DA:336,3
DA:337,4
DA:339,6
DA:340,3
DA:341,6
DA:342,3
DA:343,0
DA:345,3
DA:346,0
DA:348,3
DA:349,0
DA:356,3
DA:358,6
DA:359,6
DA:360,3
DA:363,3
DA:364,3
DA:365,4
DA:366,1
DA:367,4
DA:368,1
DA:372,2
DA:373,2
DA:374,4
DA:377,2
DA:378,2
DA:379,4
DA:380,2
DA:384,2
DA:385,2
DA:386,4
DA:389,0
DA:390,0
DA:391,0
DA:394,1
DA:395,1
DA:396,2
DA:397,1
DA:401,1
DA:402,1
DA:403,1
DA:404,1
DA:405,1
DA:406,2
DA:407,1
DA:408,1
DA:409,3
DA:411,1
DA:412,3
DA:418,1
DA:419,3
DA:420,2
DA:422,2
DA:423,2
DA:426,2
DA:427,2
DA:428,2
DA:429,1
DA:431,2
DA:432,2
DA:437,2
DA:440,2
DA:442,2
DA:443,4
DA:444,4
DA:445,4
DA:449,3
DA:451,3
DA:453,3
DA:454,6
DA:456,6
DA:457,6
DA:462,3
DA:464,3
DA:466,6
DA:467,6
DA:470,3
DA:471,3
DA:472,1
DA:474,3
DA:479,5
DA:480,533
DA:482,3
DA:483,3
DA:485,3
DA:486,18
DA:487,18
DA:491,3
DA:492,6
DA:493,3
DA:495,3
DA:496,3
DA:497,9
DA:498,12
DA:501,3
DA:502,12
DA:503,9
DA:506,15
DA:508,9
DA:510,3
DA:512,3
DA:516,0
DA:518,0
DA:519,0
DA:520,0
LF:217
LH:184
end_of_record
SF:lib/src/cupertino/tab_scaffold.dart
DA:99,5
DA:105,0
DA:106,0
DA:107,5
DA:160,5
DA:161,5
DA:167,5
DA:169,5
DA:170,20
DA:173,3
DA:175,3
DA:176,18
DA:178,6
DA:181,2
DA:186,18
DA:187,4
DA:191,5
DA:193,5
DA:195,5
DA:196,5
DA:198,5
DA:199,5
DA:200,20
DA:201,10
DA:205,10
DA:207,5
DA:208,15
DA:211,10
DA:215,10
DA:216,35
DA:220,35
DA:225,15
DA:226,1
DA:228,5
DA:229,10
DA:236,5
DA:238,5
DA:245,5
DA:247,10
DA:248,10
DA:253,15
DA:254,5
DA:255,4
DA:256,8
DA:257,4
DA:260,12
DA:261,6
DA:267,5
DA:268,5
DA:269,20
DA:271,5
DA:281,5
DA:285,0
DA:286,5
DA:287,0
DA:293,5
DA:294,5
DA:301,5
DA:303,5
DA:304,20
DA:305,10
DA:306,10
DA:307,15
DA:311,5
DA:313,5
DA:314,5
DA:317,5
DA:319,5
DA:320,5
DA:323,5
DA:324,35
DA:327,5
DA:329,10
DA:330,5
DA:332,5
DA:335,5
DA:337,5
DA:339,20
DA:340,15
DA:342,10
DA:343,20
DA:346,5
DA:348,5
DA:350,5
DA:351,10
DA:352,15
LF:86
LH:82
end_of_record
SF:lib/src/cupertino/tab_view.dart
DA:43,3
DA:52,0
DA:53,3
DA:128,3
DA:130,3
DA:138,3
DA:140,3
DA:141,6
DA:142,3
DA:145,2
DA:147,2
DA:148,8
DA:149,8
DA:150,0
DA:154,3
DA:155,6
DA:156,6
DA:157,6
DA:160,3
DA:162,3
DA:163,6
DA:164,3
DA:165,3
DA:166,3
DA:170,3
DA:171,3
DA:174,9
DA:175,6
DA:176,6
DA:177,2
DA:178,3
DA:181,3
DA:187,2
DA:188,2
DA:192,1
DA:193,1
DA:194,2
DA:195,0
DA:196,0
DA:208,1
DA:209,2
DA:210,1
DA:212,1
DA:214,1
DA:220,1
LF:45
LH:41
end_of_record
SF:lib/src/cupertino/text_field.dart
DA:17,524
DA:22,524
DA:29,524
DA:35,524
DA:36,524
DA:37,524
DA:45,524
DA:51,1048
DA:53,524
DA:59,524
DA:65,524
DA:68,524
DA:148,2
DA:190,0
DA:191,0
DA:192,0
DA:193,0
DA:194,0
DA:195,0
DA:196,0
DA:197,2
DA:198,0
DA:200,0
DA:203,0
DA:205,0
DA:208,0
DA:209,0
DA:210,0
DA:211,0
DA:212,2
DA:213,2
DA:432,2
DA:433,2
DA:435,0
DA:437,0
DA:439,0
DA:440,0
DA:441,0
DA:442,0
DA:443,0
DA:444,0
DA:445,0
DA:446,0
DA:447,0
DA:448,0
DA:449,0
DA:450,0
DA:451,0
DA:452,0
DA:453,0
DA:454,0
DA:455,0
DA:456,0
DA:457,0
DA:458,0
DA:459,0
DA:467,8
DA:470,10
DA:472,2
DA:474,2
DA:475,4
DA:476,4
DA:477,6
DA:481,2
DA:483,2
DA:484,6
DA:485,0
DA:486,0
DA:487,5
DA:488,0
DA:490,4
DA:491,2
DA:493,0
DA:497,2
DA:499,4
DA:500,6
DA:501,2
DA:504,2
DA:505,6
DA:508,8
DA:510,2
DA:511,4
DA:514,1
DA:515,2
DA:516,1
DA:521,1
DA:522,2
DA:523,1
DA:526,3
DA:529,2
DA:530,4
DA:531,2
DA:534,1
DA:535,2
DA:536,1
DA:541,1
DA:542,2
DA:543,1
DA:548,1
DA:549,3
DA:552,1
DA:553,2
DA:554,3
DA:557,1
DA:558,2
DA:559,1
DA:564,1
DA:568,2
DA:569,1
DA:570,1
DA:575,1
DA:576,1
DA:579,2
DA:580,2
DA:581,4
DA:585,2
DA:586,8
DA:588,2
DA:593,2
DA:595,1
DA:597,1
DA:599,1
DA:602,0
DA:606,2
DA:607,5
DA:608,2
DA:609,2
DA:613,2
DA:614,5
DA:615,2
DA:616,2
DA:620,2
DA:621,2
DA:622,4
DA:623,4
DA:627,2
DA:628,0
DA:629,0
DA:630,0
DA:633,4
DA:634,6
DA:635,4
DA:636,4
DA:641,2
DA:642,2
DA:644,2
DA:645,2
DA:649,2
DA:650,3
DA:653,2
DA:657,8
DA:658,2
DA:659,2
DA:660,4
DA:661,2
DA:662,4
DA:671,8
DA:674,2
DA:675,3
DA:677,2
DA:678,1
DA:679,1
DA:680,3
DA:683,3
DA:684,2
DA:685,2
DA:686,4
DA:700,2
DA:705,2
DA:707,2
DA:708,2
DA:709,2
DA:710,6
DA:711,4
DA:712,8
DA:713,4
DA:714,0
DA:716,2
DA:717,10
DA:718,6
DA:719,6
DA:720,6
DA:722,2
DA:723,4
DA:724,2
DA:725,2
DA:726,2
DA:728,2
DA:729,4
DA:730,4
DA:731,4
DA:733,4
DA:734,4
DA:735,4
DA:736,4
DA:737,4
DA:738,4
DA:739,4
DA:740,4
DA:742,2
DA:743,4
DA:744,2
DA:745,4
DA:746,4
DA:749,4
DA:750,4
DA:756,4
DA:758,4
DA:759,4
DA:764,2
DA:765,0
DA:766,0
DA:767,0
DA:769,0
DA:771,2
DA:773,2
DA:774,4
DA:776,2
DA:779,0
DA:782,2
DA:783,2
DA:784,2
DA:785,2
DA:786,2
DA:787,2
DA:788,2
DA:789,2
DA:790,2
DA:791,2
DA:792,2
DA:793,2
DA:795,2
LF:232
LH:180
end_of_record
SF:lib/src/cupertino/text_selection.dart
DA:22,524
DA:23,524
DA:26,524
DA:31,6
DA:32,524
DA:33,524
DA:34,524
DA:36,524
DA:49,2096
DA:53,2
DA:55,0
DA:59,1
DA:61,1
DA:62,1
DA:63,1
DA:64,2
DA:66,1
DA:67,1
DA:68,3
DA:69,2
DA:70,4
DA:71,1
DA:72,1
DA:75,1
DA:81,2
DA:88,2
DA:96,2
DA:98,2
DA:100,8
DA:101,2
DA:103,2
DA:104,8
DA:106,2
DA:107,2
DA:108,2
DA:109,8
DA:112,2
DA:113,2
DA:114,2
DA:115,8
DA:118,2
DA:119,2
DA:120,2
DA:121,8
DA:126,2
DA:128,2
DA:129,4
DA:133,2
DA:135,2
DA:136,2
DA:141,2
DA:143,2
DA:147,4
DA:148,2
DA:156,2
DA:162,2
DA:169,2
DA:170,2
DA:171,2
DA:185,2
DA:198,2
DA:200,2
DA:203,2
DA:205,8
DA:207,8
DA:208,6
DA:210,2
DA:212,12
DA:213,10
DA:215,2
DA:217,12
DA:218,5
DA:220,2
DA:223,1
DA:225,3
DA:226,3
DA:227,3
DA:237,4
DA:241,3
DA:243,3
DA:244,3
DA:245,3
DA:247,9
DA:249,3
DA:250,3
DA:251,6
DA:253,12
DA:259,3
DA:260,9
DA:268,2
DA:276,2
DA:281,12
DA:282,2
DA:286,2
DA:287,4
DA:288,2
DA:291,4
DA:292,12
DA:293,2
DA:294,10
DA:295,8
DA:296,2
DA:298,2
DA:299,4
DA:300,2
DA:301,2
DA:302,4
DA:306,2
DA:307,4
DA:308,2
DA:309,4
DA:310,4
DA:318,4
DA:322,4
DA:323,4
DA:324,8
DA:327,4
DA:329,4
DA:330,4
DA:336,8
DA:345,4
DA:346,3
DA:347,3
DA:348,9
DA:351,4
DA:352,3
DA:353,3
DA:354,3
DA:355,6
DA:360,3
DA:361,3
DA:363,0
DA:369,18
LF:133
LH:131
end_of_record
SF:lib/src/cupertino/text_theme.dart
DA:12,524
DA:22,524
DA:32,524
DA:42,524
DA:50,524
DA:59,524
DA:68,524
DA:77,524
DA:87,524
DA:97,524
DA:107,524
DA:117,524
DA:138,23
DA:162,69
DA:166,69
DA:170,2
DA:171,4
DA:172,2
DA:178,10
DA:182,4
DA:183,4
DA:184,4
DA:189,3
DA:190,3
DA:191,3
DA:196,4
DA:197,8
DA:198,4
DA:204,2
DA:205,2
DA:206,2
DA:211,1
DA:212,1
DA:213,1
DA:218,0
DA:230,0
DA:231,0
DA:232,0
DA:233,0
DA:234,0
DA:235,0
DA:236,0
DA:237,0
DA:238,0
DA:239,0
DA:240,0
LF:46
LH:34
end_of_record
SF:lib/src/cupertino/theme.dart
DA:15,524
DA:16,524
DA:40,143
DA:44,0
DA:45,0
DA:46,143
DA:55,25
DA:56,25
DA:57,48
DA:65,143
DA:67,143
DA:69,143
DA:70,429
DA:71,143
DA:78,143
DA:82,0
DA:83,143
DA:87,68
DA:88,340
DA:112,524
DA:119,524
DA:132,524
DA:142,63
DA:151,42
DA:165,21
DA:166,21
DA:167,21
DA:178,4
DA:179,4
DA:180,4
DA:189,23
DA:190,46
DA:191,23
DA:192,23
DA:201,8
DA:202,8
DA:203,7
DA:210,9
DA:211,9
DA:212,9
DA:221,1
DA:222,1
DA:223,1
DA:224,1
DA:225,1
DA:226,1
DA:227,1
DA:228,1
DA:239,3
DA:247,3
DA:248,3
DA:249,1
DA:250,3
DA:251,3
DA:252,2
DA:253,3
DA:257,0
DA:259,0
DA:261,0
DA:262,0
DA:263,0
DA:264,0
DA:265,0
DA:266,0
DA:271,1
DA:278,1
LF:66
LH:55
end_of_record
SF:lib/src/cupertino/thumb_painter.dart
DA:14,5
DA:17,5
DA:20,5
DA:41,5
DA:42,5
DA:44,15
DA:47,10
DA:48,15
DA:49,20
LF:9
LH:9
end_of_record
SF:lib/src/foundation/annotations.dart
DA:42,0
DA:77,0
DA:114,0
LF:3
LH:0
end_of_record
SF:lib/src/foundation/assertions.dart
DA:22,64
DA:26,0
DA:27,64
DA:29,64
DA:62,0
DA:66,0
DA:67,0
DA:77,28
DA:79,56
DA:107,114
DA:111,0
DA:141,100
DA:145,0
DA:171,16
DA:175,0
DA:191,48
DA:279,2
DA:281,4
DA:286,2
DA:287,2
DA:288,2
DA:289,3
DA:290,1
DA:291,4
DA:292,1
DA:293,3
DA:296,2
DA:297,1
DA:298,1
DA:299,4
DA:301,2
DA:306,4
DA:307,2
DA:308,6
DA:309,2
DA:311,3
DA:313,2
DA:314,2
DA:319,2
DA:320,4
DA:321,1
DA:323,10
DA:324,2
DA:334,1
DA:335,1
DA:338,0
DA:339,0
DA:340,0
DA:342,6
DA:345,2
DA:347,2
DA:348,12
DA:349,2
DA:350,4
DA:351,0
DA:352,4
DA:353,0
DA:356,4
DA:357,2
DA:358,4
DA:359,2
DA:360,6
DA:361,4
DA:363,4
DA:365,6
DA:367,1
DA:372,6
DA:373,2
DA:374,2
DA:375,2
DA:376,6
DA:380,10
DA:381,4
DA:384,2
DA:385,2
DA:387,1
DA:389,1
DA:391,2
DA:392,0
DA:394,0
DA:395,0
DA:396,0
DA:402,2
DA:403,2
DA:412,2
DA:413,4
DA:414,8
DA:416,2
DA:417,4
DA:418,6
DA:422,2
DA:424,6
DA:427,1
DA:429,2
DA:457,43
DA:458,43
DA:459,43
DA:460,129
DA:461,86
DA:462,170
DA:464,43
DA:477,102
DA:479,196
DA:480,2
DA:481,1
DA:482,1
DA:486,1
DA:487,1
DA:495,49
DA:496,245
DA:497,98
DA:498,1
DA:499,1
DA:500,1
DA:506,2
DA:507,4
DA:509,2
DA:510,3
DA:511,1
DA:513,2
DA:519,1
DA:522,49
DA:540,0
DA:541,0
DA:555,749
DA:563,6
DA:585,2
DA:586,0
DA:587,2
DA:588,4
DA:589,2
DA:593,2
DA:596,2
DA:597,4
DA:598,2
DA:602,6
DA:605,4
DA:607,2
DA:621,19
DA:632,19
DA:633,19
DA:634,19
DA:635,19
DA:636,19
DA:637,19
DA:639,36
DA:640,36
DA:641,36
DA:642,36
DA:643,51
DA:645,54
DA:649,36
DA:650,39
DA:654,19
DA:656,38
DA:657,0
DA:658,38
DA:659,54
DA:660,36
DA:661,85
DA:662,36
DA:663,68
DA:665,8
DA:671,1
DA:673,3
DA:676,1
DA:679,22
DA:682,22
DA:683,132
DA:687,44
DA:688,0
DA:689,44
DA:690,44
DA:691,88
DA:704,1
DA:706,2
DA:707,4
DA:709,1
DA:710,4
DA:729,3
DA:734,3
DA:737,12
DA:738,3
DA:739,3
DA:746,0
DA:750,0
DA:752,0
DA:757,3
DA:758,3
LF:189
LH:165
end_of_record
SF:lib/src/foundation/basic_types.dart
DA:128,279
DA:133,279
DA:135,279
DA:138,36
DA:140,108
DA:143,279
DA:145,837
DA:148,43
DA:150,129
DA:153,1
DA:155,3
DA:158,1
DA:160,3
DA:163,2
DA:165,6
DA:168,1
DA:170,3
DA:173,51
DA:175,51
DA:176,102
DA:179,23
DA:181,23
DA:182,46
DA:185,69
DA:186,69
DA:189,279
DA:190,558
DA:192,1116
DA:198,558
DA:203,279
DA:205,558
DA:206,1953
DA:208,1116
DA:211,279
DA:213,1395
DA:215,558
DA:216,1395
DA:217,558
DA:227,1
DA:233,1
DA:235,0
DA:237,0
LF:42
LH:40
end_of_record
SF:lib/src/foundation/binding.dart
DA:52,428
DA:53,428
DA:55,0
DA:56,428
DA:57,0
DA:59,0
DA:60,428
DA:61,0
DA:63,856
DA:65,428
DA:87,120
DA:97,428
DA:100,0
DA:101,856
DA:122,428
DA:125,0
DA:127,428
DA:128,428
DA:130,428
DA:133,428
DA:136,428
DA:140,428
DA:142,1
DA:143,1
DA:144,1
DA:150,428
DA:152,428
DA:154,1
DA:155,1
DA:156,1
DA:157,1
DA:160,1
DA:163,1
DA:170,1
DA:172,5
DA:174,2
DA:176,1
DA:177,1
DA:178,1
DA:179,3
DA:184,428
DA:185,856
DA:194,170
DA:195,340
DA:207,8
DA:209,8
DA:211,0
DA:212,16
DA:213,8
DA:214,0
DA:215,15
DA:216,14
DA:217,7
DA:218,7
DA:219,7
DA:228,7
DA:231,7
DA:252,5
DA:253,10
DA:266,5
DA:269,5
DA:270,5
DA:280,428
DA:285,0
DA:286,0
DA:287,428
DA:289,1
DA:290,2
DA:291,1
DA:310,410
DA:316,0
DA:317,0
DA:318,0
DA:319,410
DA:321,1
DA:322,1
DA:323,4
DA:324,3
DA:326,3
DA:344,413
DA:350,0
DA:351,0
DA:352,0
DA:353,413
DA:355,1
DA:356,1
DA:357,4
DA:358,4
DA:360,4
DA:376,1
DA:377,1
DA:379,1
DA:380,1
DA:389,0
DA:391,0
DA:406,415
DA:412,0
DA:413,0
DA:414,0
DA:415,415
DA:417,1
DA:418,1
DA:419,3
DA:420,3
DA:422,3
DA:478,427
DA:483,0
DA:484,0
DA:485,427
DA:486,427
DA:487,0
DA:488,0
DA:490,0
DA:492,0
DA:504,0
DA:505,0
DA:512,0
DA:518,0
DA:519,0
DA:520,0
DA:522,0
DA:525,0
DA:527,0
DA:529,0
DA:530,0
DA:531,0
DA:539,1
DA:540,2
DA:544,0
DA:545,0
LF:130
LH:89
end_of_record
SF:lib/src/foundation/change_notifier.dart
DA:56,265
DA:82,0
DA:102,278
DA:103,425
DA:104,425
DA:105,1
DA:106,1
DA:107,1
DA:111,278
DA:130,3
DA:132,3
DA:133,6
DA:139,255
DA:141,255
DA:142,510
DA:164,254
DA:166,254
DA:167,508
DA:176,215
DA:178,215
DA:179,215
DA:197,212
DA:200,212
DA:201,212
DA:202,424
DA:203,330
DA:205,236
DA:206,118
DA:208,2
DA:212,3
DA:213,0
DA:214,0
DA:215,0
DA:228,210
DA:232,210
DA:234,420
DA:235,210
DA:239,210
DA:241,420
DA:242,210
DA:246,1
DA:248,3
DA:259,145
DA:266,31
DA:267,31
DA:269,143
DA:270,286
DA:272,96
DA:273,96
DA:276,1
DA:277,3
LF:51
LH:47
end_of_record
SF:lib/src/foundation/collections.dart
DA:16,142
DA:19,288
DA:21,170
DA:22,82
DA:37,96
DA:40,12
DA:42,8
DA:43,9
DA:53,2
DA:55,2
DA:56,2
DA:57,6
DA:58,2
DA:59,2
DA:60,2
DA:63,2
DA:64,2
DA:69,2
LF:18
LH:18
end_of_record
SF:lib/src/foundation/consolidate_response.dart
DA:12,2
DA:16,2
DA:17,2
DA:19,3
DA:20,1
DA:21,2
DA:22,1
DA:23,1
DA:25,2
DA:26,3
DA:27,2
DA:29,1
DA:30,2
DA:32,2
LF:14
LH:14
end_of_record
SF:lib/src/foundation/constants.dart
DA:13,524
DA:23,177
DA:33,177
LF:3
LH:3
end_of_record
SF:lib/src/foundation/debug.dart
DA:24,364
DA:25,364
DA:26,728
DA:28,0
DA:30,364
DA:52,1
DA:54,2
DA:56,2
DA:57,3
DA:58,1
DA:59,4
DA:62,0
DA:73,409
LF:13
LH:11
end_of_record
SF:lib/src/foundation/diagnostics.dart
DA:22,1050
DA:33,524
DA:41,524
DA:50,524
DA:53,524
DA:59,524
DA:64,524
DA:70,524
DA:76,524
DA:82,524
DA:90,1050
DA:96,524
DA:104,524
DA:111,524
DA:121,524
DA:129,524
DA:137,524
DA:144,524
DA:147,524
DA:158,524
DA:166,524
DA:170,524
DA:186,301
DA:212,0
DA:213,0
DA:214,0
DA:215,0
DA:216,0
DA:217,0
DA:218,0
DA:219,0
DA:220,0
DA:221,0
DA:222,0
DA:223,0
DA:224,0
DA:225,0
DA:226,0
DA:227,0
DA:228,0
DA:229,0
DA:230,0
DA:231,0
DA:232,0
DA:233,602
DA:399,75
DA:453,9
DA:477,18
DA:516,12
DA:586,9
DA:627,21
DA:662,72
DA:685,894
DA:715,9
DA:745,3
DA:762,2620
DA:772,301
DA:785,903
DA:787,23
DA:788,23
DA:789,23
DA:793,301
DA:794,602
DA:795,888
DA:796,296
DA:798,903
DA:813,273
DA:814,357
DA:816,3
DA:820,301
DA:821,602
DA:822,602
DA:823,602
DA:825,602
DA:827,299
DA:834,47
DA:836,47
DA:837,47
DA:838,110
DA:839,110
DA:842,48
DA:843,96
DA:844,47
DA:845,47
DA:847,27
DA:851,94
DA:864,48
DA:865,144
DA:870,13
DA:881,13
DA:883,26
DA:886,39
DA:888,0
DA:890,26
DA:894,13
DA:895,52
DA:896,13
DA:900,13
DA:901,65
DA:902,13
DA:905,13
DA:906,52
DA:908,26
DA:913,13
DA:916,26
DA:919,13
DA:923,12
DA:924,3
DA:929,13
DA:933,13
DA:934,0
DA:952,301
DA:953,301
DA:956,301
DA:957,903
DA:958,301
DA:959,51
DA:960,51
DA:962,301
DA:963,301
DA:964,48
DA:965,96
DA:966,96
DA:967,180
DA:969,56
DA:971,144
DA:974,602
DA:978,51
DA:979,51
DA:980,100
DA:981,50
DA:985,301
DA:990,602
DA:991,903
DA:993,100
DA:994,602
DA:997,301
DA:998,951
DA:1003,26
DA:1004,26
DA:1007,52
DA:1008,0
DA:1010,52
DA:1012,52
DA:1013,26
DA:1014,8
DA:1015,52
DA:1016,26
DA:1020,3
DA:1021,3
DA:1022,21
DA:1023,9
DA:1024,3
DA:1025,3
DA:1026,3
DA:1027,9
DA:1028,3
DA:1029,9
DA:1032,6
DA:1035,301
DA:1036,602
DA:1037,298
DA:1039,602
DA:1044,524
DA:1048,524
DA:1050,303
DA:1051,303
DA:1072,301
DA:1077,0
DA:1094,23
DA:1098,23
DA:1099,69
DA:1103,301
DA:1109,1193
DA:1111,301
DA:1112,0
DA:1113,0
DA:1116,301
DA:1117,301
DA:1118,602
DA:1120,602
DA:1123,0
DA:1128,0
DA:1129,0
DA:1130,0
DA:1131,0
DA:1132,0
DA:1133,0
DA:1134,0
DA:1135,0
DA:1136,0
DA:1137,0
DA:1139,0
DA:1142,0
DA:1143,0
DA:1144,0
DA:1145,0
DA:1146,0
DA:1147,0
DA:1149,0
DA:1151,0
DA:1152,0
DA:1154,301
DA:1157,1728
DA:1160,301
DA:1162,301
DA:1163,602
DA:1164,6
DA:1166,51
DA:1167,51
DA:1168,602
DA:1169,301
DA:1171,1
DA:1173,301
DA:1174,5
DA:1175,3
DA:1178,589
DA:1180,290
DA:1181,290
DA:1182,580
DA:1184,290
DA:1185,579
DA:1189,52
DA:1192,1
DA:1195,290
DA:1196,593
DA:1202,3
DA:1204,602
DA:1207,299
DA:1208,624
DA:1213,602
DA:1214,9
DA:1217,602
DA:1218,888
DA:1221,604
DA:1222,6
DA:1224,0
DA:1225,0
DA:1227,2
DA:1229,6
DA:1230,0
DA:1231,0
DA:1234,301
DA:1240,903
DA:1241,295
DA:1242,584
DA:1245,301
DA:1246,94
DA:1248,301
DA:1249,584
DA:1251,602
DA:1253,301
DA:1254,3
DA:1255,1
DA:1256,1
DA:1257,2
DA:1258,1
DA:1259,2
DA:1262,894
DA:1263,292
DA:1264,292
DA:1265,544
DA:1267,292
DA:1268,584
DA:1272,292
DA:1273,584
DA:1274,876
DA:1277,292
DA:1278,876
DA:1279,554
DA:1281,27
DA:1282,27
DA:1283,27
DA:1287,6
DA:1288,18
DA:1289,24
DA:1292,6
DA:1295,301
DA:1296,584
DA:1298,602
DA:1300,301
DA:1301,598
DA:1303,602
DA:1304,301
DA:1305,301
DA:1306,301
DA:1307,21
DA:1308,63
DA:1310,38
DA:1313,329
DA:1314,23
DA:1315,17
DA:1316,51
DA:1317,30
DA:1320,23
DA:1322,69
DA:1323,23
DA:1324,0
DA:1325,23
DA:1326,69
DA:1327,46
DA:1328,69
DA:1329,46
DA:1335,46
DA:1336,4
DA:1337,16
DA:1338,8
DA:1339,1
DA:1340,1
DA:1341,528
DA:1344,8
DA:1347,39
DA:1348,26
DA:1349,39
DA:1350,26
DA:1356,26
DA:1357,1
DA:1358,4
DA:1359,2
DA:1360,1
DA:1361,1
DA:1362,528
DA:1365,2
DA:1370,602
DA:1371,9
DA:1372,6
DA:1374,301
DA:1390,326
DA:1396,0
DA:1397,0
DA:1402,300
DA:1417,13
DA:1423,0
DA:1424,0
DA:1425,13
DA:1461,1490
DA:1472,7
DA:1485,297
DA:1494,33
DA:1497,33
DA:1500,4
DA:1515,2
DA:1527,2
DA:1529,2
DA:1530,2
DA:1531,4
DA:1533,2
DA:1534,4
DA:1536,2
DA:1537,2
DA:1538,4
DA:1539,6
DA:1540,4
DA:1541,4
DA:1542,2
DA:1543,0
DA:1544,4
DA:1545,6
DA:1547,2
DA:1548,0
DA:1550,4
DA:1552,2
DA:1554,4
DA:1555,0
DA:1557,2
DA:1558,4
DA:1560,2
DA:1561,4
DA:1575,288
DA:1580,288
DA:1581,0
DA:1582,576
DA:1583,282
DA:1585,15
DA:1587,18
DA:1590,3
DA:1591,4
DA:1596,301
DA:1598,301
DA:1599,301
DA:1600,301
DA:1601,6
DA:1602,301
DA:1603,24
DA:1604,301
DA:1605,3
DA:1606,301
DA:1607,7
DA:1608,301
DA:1609,4
DA:1610,301
DA:1611,298
DA:1612,24
DA:1613,3
DA:1614,24
DA:1615,1
DA:1616,24
DA:1617,3
DA:1618,24
DA:1621,0
DA:1622,24
DA:1623,23
DA:1645,297
DA:1651,297
DA:1655,297
DA:1700,10
DA:1705,0
DA:1706,0
DA:1707,0
DA:1708,0
DA:1709,10
DA:1722,22
DA:1733,0
DA:1734,0
DA:1735,0
DA:1736,0
DA:1737,22
DA:1752,2
DA:1754,2
DA:1755,4
DA:1759,17
DA:1761,34
DA:1763,15
DA:1768,9
DA:1771,17
DA:1774,16
DA:1775,1
DA:1776,15
DA:1778,5
DA:1783,43
DA:1793,43
DA:1804,2
DA:1814,2
DA:1825,2
DA:1827,2
DA:1828,2
DA:1829,2
DA:1831,4
DA:1845,33
DA:1847,33
DA:1848,10
DA:1850,91
DA:1860,41
DA:1870,0
DA:1871,0
DA:1872,0
DA:1873,41
DA:1891,2
DA:1900,0
DA:1901,0
DA:1902,2
DA:1913,31
DA:1914,61
DA:1924,20
DA:1933,0
DA:1934,0
DA:1935,0
DA:1936,20
DA:1946,14
DA:1947,28
DA:1961,5
DA:1969,0
DA:1970,0
DA:1971,5
DA:1981,4
DA:1983,4
DA:1984,2
DA:1985,17
DA:1988,4
DA:1990,4
DA:1991,0
DA:1992,20
DA:2042,156
DA:2050,0
DA:2051,0
DA:2052,0
DA:2053,156
DA:2061,2
DA:2063,2
DA:2064,2
DA:2065,4
DA:2066,2
DA:2067,4
DA:2084,39
DA:2086,78
DA:2087,36
DA:2088,36
DA:2089,18
DA:2090,8
DA:2091,7
DA:2093,4
DA:2096,39
DA:2098,239
DA:2105,38
DA:2108,156
DA:2110,312
DA:2111,39
DA:2114,312
DA:2115,151
DA:2118,39
DA:2138,20
DA:2148,0
DA:2149,0
DA:2150,0
DA:2151,0
DA:2152,20
DA:2164,6
DA:2166,6
DA:2167,4
DA:2169,10
DA:2170,4
DA:2172,5
DA:2175,9
DA:2178,16
DA:2188,19
DA:2190,24
DA:2192,19
DA:2195,1
DA:2197,1
DA:2198,1
DA:2199,6
DA:2218,279
DA:2223,0
DA:2224,279
DA:2231,272
DA:2233,272
DA:2234,12
DA:2235,544
DA:2264,242
DA:2271,0
DA:2272,0
DA:2273,0
DA:2274,242
DA:2288,19
DA:2292,0
DA:2293,0
DA:2294,19
DA:2295,19
DA:2309,3
DA:2311,3
DA:2312,3
DA:2313,3
DA:2315,1
DA:2316,0
DA:2318,1
DA:2321,6
DA:2323,20
DA:2330,6
DA:2333,242
DA:2335,242
DA:2336,241
DA:2339,21
DA:2343,6
DA:2346,1
DA:2348,1
DA:2349,1
DA:2350,2
DA:2379,326
DA:2396,0
DA:2397,0
DA:2398,0
DA:2399,0
DA:2406,326
DA:2426,2
DA:2442,0
DA:2443,0
DA:2444,3
DA:2445,0
DA:2446,0
DA:2447,0
DA:2454,2
DA:2473,2
DA:2475,2
DA:2476,4
DA:2477,6
DA:2478,2
DA:2479,2
DA:2480,2
DA:2481,4
DA:2482,2
DA:2483,4
DA:2484,4
DA:2485,2
DA:2486,3
DA:2487,6
DA:2488,6
DA:2489,8
DA:2490,1
DA:2507,194
DA:2508,194
DA:2512,466
DA:2515,299
DA:2517,299
DA:2518,456
DA:2520,299
DA:2521,6
DA:2523,327
DA:2524,40
DA:2526,299
DA:2527,302
DA:2528,0
DA:2529,299
DA:2537,299
DA:2538,0
DA:2539,333
DA:2571,2
DA:2583,319
DA:2585,319
DA:2586,319
DA:2598,319
DA:2599,319
DA:2600,319
DA:2603,319
DA:2604,319
DA:2607,2
DA:2608,2
DA:2610,4
DA:2612,2
DA:2613,2
DA:2636,318
DA:2638,636
DA:2639,29
DA:2641,318
DA:2644,572
DA:2648,1584
DA:2651,315
DA:2656,297
DA:2658,297
DA:2659,1
DA:2660,1
DA:2661,1
DA:2663,1
DA:2664,3
DA:2670,297
DA:2672,297
DA:2673,1
DA:2674,1
DA:2675,1
DA:2677,1
DA:2678,3
DA:2691,296
DA:2695,0
DA:2696,296
DA:2706,296
DA:2707,296
DA:2708,592
DA:2709,888
DA:2711,296
DA:2714,296
DA:2716,356
DA:2719,296
DA:2720,592
DA:2722,296
DA:2723,592
DA:2725,244
DA:2730,296
DA:2732,592
DA:2738,205
DA:2742,205
DA:2748,205
DA:2750,205
DA:2751,410
DA:2758,289
DA:2759,1156
DA:2771,1156
DA:2791,272
DA:2792,272
DA:2793,272
DA:2794,1360
DA:2795,544
DA:2802,298
DA:2803,596
DA:2846,524
DA:2854,476
DA:2856,250
DA:2859,250
DA:2860,500
DA:2862,250
DA:2863,0
DA:2875,244
DA:2876,244
DA:3086,260
DA:3107,521
DA:3126,0
DA:3130,0
DA:3131,0
DA:3132,0
DA:3133,0
DA:3134,0
DA:3135,0
DA:3136,0
DA:3138,0
DA:3159,7
DA:3164,14
DA:3167,0
DA:3168,0
DA:3170,37
DA:3172,37
DA:3196,20
DA:3204,0
DA:3206,0
DA:3209,0
DA:3214,0
DA:3215,0
DA:3216,0
DA:3217,0
DA:3218,0
DA:3219,0
DA:3220,2
DA:3222,0
DA:3225,0
DA:3231,0
DA:3234,0
DA:3235,0
DA:3237,0
DA:3239,0
DA:3246,0
DA:3249,0
DA:3261,4
DA:3276,4
DA:3296,3
DA:3297,3
DA:3299,3
DA:3300,3
DA:3302,3
DA:3303,3
LF:726
LH:589
end_of_record
SF:lib/src/foundation/isolates.dart
DA:47,1
DA:49,1
DA:51,1
DA:52,2
DA:53,1
DA:54,1
DA:55,1
DA:56,2
DA:58,1
DA:61,1
DA:63,1
DA:66,1
DA:67,1
DA:69,1
DA:70,2
DA:71,1
DA:72,2
DA:73,2
DA:74,2
DA:75,1
DA:76,0
DA:78,1
DA:81,2
DA:82,1
DA:83,1
DA:84,1
DA:86,2
DA:87,4
DA:88,1
DA:89,1
DA:90,1
DA:91,1
DA:92,1
DA:97,1
DA:110,0
DA:113,0
DA:115,0
DA:116,0
DA:117,0
DA:118,0
DA:120,0
DA:121,0
DA:122,0
DA:123,0
LF:44
LH:33
end_of_record
SF:lib/src/foundation/key.dart
DA:32,364
DA:44,728
DA:61,138
DA:66,115
DA:68,345
DA:71,315
DA:74,100
DA:75,300
DA:77,7
DA:79,21
DA:82,28
DA:83,7
DA:84,0
DA:89,7
LF:14
LH:13
end_of_record
SF:lib/src/foundation/licenses.dart
DA:15,2
DA:33,2
DA:45,2
DA:56,1048
DA:57,524
DA:58,524
DA:121,2
DA:142,2
DA:149,2
DA:151,2
DA:152,2
DA:153,6
DA:156,2
DA:157,2
DA:158,0
DA:159,4
DA:160,8
DA:161,4
DA:162,2
DA:166,6
DA:168,2
DA:169,2
DA:170,4
DA:171,2
DA:172,1
DA:173,1
DA:176,2
DA:177,0
DA:178,0
DA:181,2
DA:182,2
DA:183,1
DA:184,1
DA:189,1
DA:192,2
DA:199,1
DA:203,3
DA:204,1
DA:210,2
DA:213,2
DA:218,2
DA:219,4
DA:220,2
DA:221,1
DA:224,1
DA:227,2
DA:228,1
DA:229,1
DA:233,1
DA:241,2
DA:244,2
DA:245,1
DA:246,1
DA:249,2
DA:250,2
DA:251,2
DA:284,0
DA:295,48
DA:296,48
DA:297,48
DA:303,2
DA:306,2
DA:307,4
LF:63
LH:59
end_of_record
SF:lib/src/foundation/node.dart
DA:47,380
DA:54,402
DA:56,1206
DA:57,1206
DA:58,1206
DA:59,402
DA:67,389
DA:72,828
DA:80,830
DA:90,411
DA:92,0
DA:93,411
DA:94,411
DA:104,388
DA:106,388
DA:107,388
DA:108,1928
DA:112,828
DA:118,402
DA:121,0
DA:122,402
DA:123,402
DA:125,402
DA:126,374
DA:127,402
DA:129,402
DA:130,402
DA:131,402
DA:132,798
DA:133,402
DA:139,389
DA:142,0
DA:143,778
DA:144,1167
DA:145,389
DA:146,389
DA:147,388
LF:37
LH:34
end_of_record
SF:lib/src/foundation/observer_list.dart
DA:19,278
DA:20,278
DA:21,556
DA:29,266
DA:30,266
DA:31,532
DA:34,232
DA:36,696
DA:37,462
DA:39,94
DA:40,94
DA:41,282
DA:43,88
DA:44,132
DA:46,94
DA:49,188
DA:52,268
DA:53,536
DA:55,0
DA:56,0
DA:58,3
DA:59,6
LF:22
LH:20
end_of_record
SF:lib/src/foundation/platform.dart
DA:12,1054
DA:14,524
DA:17,524
DA:20,524
DA:51,381
DA:53,381
DA:55,381
DA:57,381
DA:60,381
DA:61,762
DA:64,381
DA:68,0
DA:70,0
LF:13
LH:11
end_of_record
SF:lib/src/foundation/print.dart
DA:29,375
DA:33,1
DA:35,6
DA:37,1
DA:43,3
DA:44,4
DA:46,5
DA:48,6
DA:51,3
DA:54,3
DA:55,3
DA:56,9
DA:57,9
DA:60,3
DA:62,9
DA:63,0
DA:64,0
DA:67,9
DA:68,6
DA:69,6
DA:70,3
DA:72,6
DA:75,1
DA:76,1
DA:78,6
DA:79,1
DA:87,2
DA:89,3
DA:90,2620
DA:108,1
DA:109,5
DA:113,2
DA:114,4
DA:118,1
DA:124,1
DA:125,4
DA:126,1
DA:130,1
DA:131,4
DA:132,1
DA:135,1
DA:136,4
DA:138,2
DA:144,2
DA:146,1
DA:149,2
DA:152,1
DA:155,4
DA:156,1
DA:161,1
DA:165,2
DA:166,0
LF:52
LH:49
end_of_record
SF:lib/src/foundation/profile.dart
DA:18,1
DA:22,1
LF:2
LH:2
end_of_record
SF:lib/src/foundation/serialization.dart
DA:17,18
DA:18,36
DA:19,36
DA:20,72
DA:28,18
DA:29,36
DA:33,1
DA:34,3
DA:35,3
DA:39,1
DA:40,3
DA:41,3
DA:45,17
DA:46,51
DA:47,51
DA:51,2
DA:52,6
DA:53,6
DA:57,4
DA:58,4
DA:59,12
DA:60,12
DA:64,17
DA:65,34
DA:69,2
DA:70,2
DA:71,14
DA:75,2
DA:76,2
DA:77,14
DA:81,2
DA:82,2
DA:83,14
DA:86,4
DA:87,12
DA:88,4
DA:89,12
DA:90,8
DA:95,18
DA:96,90
DA:97,18
DA:107,10
DA:108,0
DA:117,45
DA:120,10
DA:121,40
DA:125,0
DA:126,0
DA:127,0
DA:132,0
DA:133,0
DA:134,0
DA:139,10
DA:140,40
DA:141,20
DA:146,2
DA:147,8
DA:148,4
DA:153,4
DA:154,4
DA:155,16
DA:156,8
DA:161,9
DA:162,63
DA:163,18
DA:168,2
DA:169,2
DA:170,14
DA:171,6
DA:176,2
DA:177,2
DA:178,14
DA:179,6
DA:184,2
DA:185,2
DA:186,14
DA:187,6
DA:191,4
DA:192,8
DA:193,4
DA:194,12
LF:81
LH:74
end_of_record
SF:lib/src/foundation/synchronous_future.dart
DA:21,159
DA:25,1
DA:27,1
DA:28,2
DA:29,1
DA:30,1
DA:33,11
DA:34,22
DA:36,159
DA:38,318
DA:39,159
DA:41,159
DA:44,1
DA:46,3
DA:49,1
DA:52,1
DA:53,1
DA:54,3
DA:57,1
LF:19
LH:19
end_of_record
SF:lib/src/foundation/unicode.dart
DA:14,0
LF:1
LH:0
end_of_record
SF:lib/src/gestures/arena.dart
DA:12,1048
DA:14,524
DA:17,524
DA:41,167
DA:51,164
DA:52,656
DA:68,167
DA:69,167
DA:70,334
DA:73,0
DA:75,0
DA:76,0
DA:77,0
DA:79,0
DA:80,0
DA:81,0
DA:82,0
DA:83,0
DA:85,0
DA:86,0
DA:87,0
DA:88,0
DA:89,0
DA:90,0
DA:91,0
DA:106,167
DA:107,501
DA:108,167
DA:109,167
DA:111,167
DA:112,334
DA:113,167
DA:119,174
DA:120,348
DA:123,167
DA:124,167
DA:125,167
DA:141,158
DA:142,316
DA:145,60
DA:146,60
DA:147,4
DA:148,4
DA:151,60
DA:152,120
DA:153,120
DA:155,240
DA:156,180
DA:158,189
DA:159,27
DA:175,4
DA:176,8
DA:179,4
DA:180,4
DA:192,3
DA:193,6
DA:196,3
DA:197,3
DA:198,3
DA:199,3
DA:205,164
DA:206,328
DA:209,207
DA:210,138
DA:211,69
DA:212,124
DA:213,62
DA:214,62
DA:215,62
DA:217,43
DA:218,43
DA:219,5
DA:221,84
DA:222,42
DA:227,167
DA:228,501
DA:229,167
DA:230,501
DA:231,495
DA:232,140
DA:233,14
DA:234,7
DA:235,70
DA:236,12
DA:237,8
DA:241,165
DA:242,330
DA:244,477
DA:245,159
DA:246,159
DA:247,318
DA:248,318
DA:249,636
DA:250,477
DA:253,42
DA:254,126
DA:255,0
DA:256,50
DA:257,42
DA:258,84
DA:259,84
DA:260,42
DA:261,33
DA:263,42
DA:266,167
DA:267,167
DA:269,2
DA:270,1
DA:271,6
DA:274,167
LF:110
LH:93
end_of_record
SF:lib/src/gestures/binding.dart
DA:62,0
DA:64,0
DA:66,0
DA:69,0
DA:71,0
DA:72,0
DA:76,171
DA:81,0
DA:84,0
DA:85,0
DA:86,0
DA:93,0
DA:94,0
DA:95,0
DA:96,0
DA:99,0
DA:100,0
DA:101,0
DA:102,0
DA:122,0
DA:123,0
DA:125,0
DA:126,0
DA:127,0
DA:128,0
DA:129,0
DA:130,0
DA:132,3
DA:134,0
DA:136,0
DA:137,0
DA:138,0
DA:139,0
DA:145,0
DA:147,9
DA:148,0
DA:149,0
DA:151,0
DA:153,0
DA:154,0
DA:155,0
DA:156,0
DA:161,0
DA:163,0
DA:172,0
DA:174,0
DA:178,0
DA:180,0
DA:182,0
DA:186,0
DA:189,0
DA:190,0
DA:196,0
DA:198,0
DA:200,0
DA:204,0
DA:207,0
DA:208,0
DA:209,0
DA:216,0
DA:218,0
DA:219,0
DA:220,0
DA:221,0
DA:222,0
DA:223,0
DA:224,0
DA:240,0
DA:249,0
LF:69
LH:3
end_of_record
SF:lib/src/gestures/constants.dart
DA:10,183
DA:16,0
DA:25,46
DA:31,12
DA:35,3
DA:40,2
DA:49,0
DA:68,0
DA:72,7
DA:76,1
DA:96,0
LF:11
LH:7
end_of_record
SF:lib/src/gestures/converter.dart
DA:12,3
DA:14,6
DA:17,3
DA:18,3
DA:19,3
DA:22,6
DA:24,3
DA:25,3
DA:26,3
DA:28,2
DA:29,2
DA:30,2
DA:35,6
DA:37,0
DA:39,0
DA:48,3
DA:50,3
DA:51,2
DA:52,2
DA:53,2
DA:65,0
DA:72,1
DA:73,2
DA:77,9
DA:79,3
DA:80,6
DA:81,3
DA:82,6
DA:93,3
DA:94,6
DA:95,12
DA:96,6
DA:97,6
DA:98,6
DA:99,6
DA:100,3
DA:101,3
DA:102,3
DA:103,5
DA:104,3
DA:105,3
DA:106,3
DA:107,1
DA:108,2
DA:109,1
DA:112,1
DA:114,1
DA:115,1
DA:116,1
DA:117,1
DA:118,1
DA:121,1
DA:122,1
DA:125,3
DA:126,6
DA:127,2
DA:128,2
DA:130,4
DA:131,2
DA:134,2
DA:136,2
DA:137,2
DA:138,2
DA:139,2
DA:140,2
DA:143,2
DA:144,2
DA:147,2
DA:150,2
DA:152,2
DA:153,2
DA:154,2
DA:155,2
DA:156,2
DA:157,2
DA:158,2
DA:159,2
DA:164,2
DA:165,2
DA:167,2
DA:169,3
DA:170,9
DA:171,3
DA:172,3
DA:174,4
DA:175,2
DA:178,2
DA:180,2
DA:181,2
DA:182,2
DA:183,2
DA:184,2
DA:187,2
DA:188,2
DA:191,6
DA:195,1
DA:198,1
DA:200,1
DA:201,1
DA:202,1
DA:203,1
DA:204,1
DA:205,1
DA:206,1
DA:207,1
DA:212,1
DA:213,1
DA:216,1
DA:218,3
DA:219,3
DA:220,3
DA:222,3
DA:224,3
DA:226,6
DA:227,3
DA:228,3
DA:229,3
DA:230,3
DA:231,3
DA:232,3
DA:237,3
DA:238,3
DA:241,3
DA:245,6
DA:246,6
DA:247,2
DA:248,2
DA:250,2
DA:252,2
DA:254,2
DA:255,4
DA:256,2
DA:257,2
DA:258,2
DA:259,2
DA:260,2
DA:261,2
DA:266,2
DA:267,2
DA:268,2
DA:270,2
DA:272,3
DA:273,2
DA:274,6
DA:275,6
DA:276,2
DA:277,4
DA:283,1
DA:285,1
DA:287,1
DA:289,1
DA:290,2
DA:291,1
DA:292,1
DA:293,1
DA:294,1
DA:295,1
DA:296,1
DA:301,1
DA:302,1
DA:305,1
DA:307,4
DA:308,2
DA:309,4
DA:310,2
DA:312,2
DA:314,2
DA:316,2
DA:317,2
DA:318,2
DA:319,2
DA:320,2
DA:321,2
DA:322,2
DA:323,2
DA:328,2
DA:329,2
DA:332,1
DA:334,1
DA:336,1
DA:338,1
DA:339,1
DA:340,1
DA:341,1
DA:342,1
DA:343,1
DA:344,1
DA:349,1
DA:350,1
DA:354,2
DA:355,6
DA:356,6
DA:357,2
DA:358,1
DA:360,1
DA:362,1
DA:363,1
DA:364,1
DA:365,1
DA:366,1
DA:367,1
DA:368,1
DA:369,1
DA:370,1
DA:375,1
DA:376,1
DA:379,4
DA:380,2
DA:383,2
DA:385,2
DA:386,2
DA:387,2
DA:388,2
DA:389,2
DA:390,2
DA:391,2
DA:392,2
DA:397,2
DA:398,2
DA:402,6
DA:403,2
DA:406,2
DA:407,2
DA:408,2
DA:409,2
DA:410,2
DA:417,1
DA:418,1
DA:420,3
DA:421,1
DA:422,2
DA:427,1
DA:428,1
DA:430,1
DA:432,1
DA:434,1
DA:435,2
DA:436,1
DA:437,1
DA:438,1
DA:439,1
DA:440,1
DA:441,1
DA:446,1
DA:447,1
DA:451,1
DA:454,1
DA:456,1
DA:457,1
DA:458,1
DA:459,1
DA:460,1
DA:461,1
DA:462,1
DA:463,1
DA:468,1
DA:469,1
DA:473,1
DA:476,4
DA:477,1
DA:480,1
DA:485,0
DA:486,0
DA:488,0
DA:496,3
DA:497,3
LF:266
LH:260
end_of_record
SF:lib/src/gestures/debug.dart
DA:59,364
DA:60,364
DA:64,0
DA:66,364
LF:4
LH:3
end_of_record
SF:lib/src/gestures/drag.dart
DA:16,1
DA:22,0
DA:28,0
LF:3
LH:1
end_of_record
SF:lib/src/gestures/drag_details.dart
DA:23,78
DA:24,0
DA:31,1
DA:32,3
DA:55,88
DA:56,0
DA:73,1
DA:74,3
DA:102,83
DA:107,0
DA:108,0
DA:109,260
DA:110,232
DA:142,1
DA:143,3
DA:167,81
DA:170,0
DA:171,0
DA:172,240
DA:173,54
DA:192,1
DA:193,3
LF:22
LH:16
end_of_record
SF:lib/src/gestures/eager.dart
DA:18,2
DA:20,1
DA:23,2
DA:24,1
DA:25,2
DA:28,0
DA:31,1
DA:34,0
LF:8
LH:6
end_of_record
SF:lib/src/gestures/events.dart
DA:35,1
DA:49,0
DA:88,0
DA:97,4
DA:105,4
DA:132,177
DA:231,3
DA:326,3
DA:328,3
DA:329,9
DA:330,9
DA:331,9
DA:332,9
DA:333,9
DA:334,9
DA:335,9
DA:336,9
DA:337,9
DA:338,9
DA:339,9
DA:340,9
DA:341,9
DA:342,9
DA:343,9
DA:344,9
DA:345,9
DA:346,9
DA:347,9
DA:348,9
DA:349,9
DA:350,9
DA:351,9
DA:352,9
DA:356,1
DA:357,1
DA:369,4
DA:383,4
DA:409,3
DA:419,3
DA:448,6
DA:468,6
DA:507,4
DA:527,4
DA:554,0
DA:555,0
DA:560,8
DA:561,4
DA:562,4
DA:563,4
DA:564,4
DA:565,4
DA:566,4
DA:567,4
DA:568,4
DA:569,4
DA:570,4
DA:571,4
DA:572,4
DA:573,4
DA:574,4
DA:575,4
DA:576,4
DA:577,4
DA:578,4
DA:579,4
DA:597,4
DA:617,4
DA:644,0
DA:645,0
DA:650,8
DA:651,4
DA:652,4
DA:653,4
DA:654,4
DA:655,4
DA:656,4
DA:657,4
DA:658,4
DA:659,4
DA:660,4
DA:661,4
DA:662,4
DA:663,4
DA:664,4
DA:665,4
DA:666,4
DA:667,4
DA:668,4
DA:669,4
DA:678,176
DA:697,176
DA:732,96
DA:754,96
DA:786,165
DA:808,165
DA:840,3
DA:846,3
DA:863,3
DA:869,0
DA:870,0
DA:871,0
DA:872,0
DA:873,0
DA:874,3
DA:884,0
DA:886,0
DA:887,0
DA:896,10
DA:915,10
LF:109
LH:95
end_of_record
SF:lib/src/gestures/force_press.dart
DA:14,1048
DA:16,524
DA:19,524
DA:25,524
DA:29,524
DA:34,524
DA:52,5
DA:55,0
DA:56,0
DA:121,8
DA:127,0
DA:128,0
DA:129,0
DA:130,8
DA:131,8
DA:210,7
DA:215,21
DA:216,6
DA:218,10
DA:219,10
DA:220,5
DA:221,10
DA:226,5
DA:228,10
DA:230,10
DA:231,30
DA:232,2
DA:233,4
DA:234,1
DA:235,6
DA:239,20
DA:241,10
DA:242,1
DA:245,10
DA:246,5
DA:248,10
DA:249,10
DA:250,4
DA:251,4
DA:252,12
DA:253,1
DA:258,20
DA:259,2
DA:260,2
DA:261,8
DA:263,2
DA:267,9
DA:268,4
DA:269,2
DA:270,2
DA:271,8
DA:273,2
DA:277,7
DA:278,8
DA:279,2
DA:280,8
DA:282,2
DA:287,5
DA:290,5
DA:292,10
DA:293,3
DA:295,15
DA:296,16
DA:297,4
DA:298,4
DA:303,5
DA:305,16
DA:306,10
DA:307,2
DA:310,5
DA:311,4
DA:312,16
DA:314,4
DA:318,5
DA:321,2
DA:323,2
DA:324,2
DA:327,5
DA:328,5
DA:329,15
DA:333,5
DA:334,5
DA:338,0
LF:83
LH:77
end_of_record
SF:lib/src/gestures/hit_test.dart
DA:11,0
DA:24,0
DA:34,0
DA:46,165
DA:51,1
DA:52,2
DA:61,165
DA:62,165
DA:69,330
DA:77,165
DA:78,330
DA:81,1
DA:82,5
LF:13
LH:10
end_of_record
SF:lib/src/gestures/long_press.dart
DA:54,4
DA:55,0
DA:72,3
DA:75,0
DA:76,0
DA:98,4
DA:99,0
DA:124,42
DA:128,42
DA:172,12
DA:174,12
DA:175,12
DA:176,24
DA:177,12
DA:178,18
DA:180,12
DA:181,8
DA:182,8
DA:183,4
DA:189,31
DA:191,31
DA:192,62
DA:193,12
DA:194,4
DA:196,12
DA:197,8
DA:198,8
DA:199,4
DA:203,12
DA:205,29
DA:207,37
DA:209,31
DA:210,62
DA:211,16
DA:212,6
DA:213,6
DA:214,3
DA:215,9
DA:221,13
DA:227,0
LF:40
LH:35
end_of_record
SF:lib/src/gestures/lsq_solver.dart
DA:10,30
DA:13,30
DA:15,71
DA:26,355
DA:27,30
DA:28,120
DA:31,71
DA:33,213
DA:34,284
DA:38,213
DA:43,71
DA:45,142
DA:50,426
DA:51,71
DA:52,355
DA:55,142
DA:56,71
DA:57,142
DA:58,71
DA:67,213
DA:83,71
DA:84,213
DA:85,213
DA:97,71
DA:98,213
DA:101,71
DA:104,142
DA:105,71
DA:108,71
DA:109,142
DA:110,213
DA:111,142
DA:112,426
DA:118,71
DA:120,71
DA:121,142
DA:122,142
DA:123,142
DA:124,142
DA:125,213
DA:126,142
DA:127,355
DA:130,142
DA:131,71
DA:136,71
DA:137,142
DA:138,213
DA:139,142
DA:140,355
DA:145,30
DA:146,60
DA:147,180
DA:148,90
DA:149,120
DA:150,90
DA:151,210
DA:152,120
DA:161,60
DA:162,90
DA:163,30
DA:167,60
DA:169,150
DA:170,60
DA:171,90
DA:172,120
DA:174,240
DA:175,90
DA:176,240
DA:179,60
DA:180,60
LF:70
LH:70
end_of_record
SF:lib/src/gestures/monodrag.dart
DA:14,1048
DA:15,524
DA:16,524
DA:17,524
DA:57,159
DA:61,0
DA:62,159
DA:152,99
DA:154,198
DA:155,396
DA:156,198
DA:157,99
DA:158,198
DA:159,99
DA:160,198
DA:161,99
DA:162,385
DA:163,4
DA:164,2
DA:168,99
DA:170,198
DA:171,99
DA:172,194
DA:173,297
DA:174,0
DA:175,297
DA:178,99
DA:179,85
DA:180,170
DA:181,78
DA:182,304
DA:183,76
DA:184,76
DA:185,76
DA:186,76
DA:190,70
DA:191,70
DA:192,35
DA:193,32
DA:196,99
DA:199,90
DA:201,180
DA:202,90
DA:203,90
DA:204,90
DA:206,90
DA:207,90
DA:208,243
DA:211,24
DA:212,24
DA:215,90
DA:216,90
DA:217,90
DA:218,344
DA:220,86
DA:223,111
DA:224,84
DA:227,21
DA:228,42
DA:234,49
DA:236,49
DA:239,92
DA:241,184
DA:242,49
DA:243,49
DA:244,49
DA:245,70
DA:248,166
DA:249,83
DA:250,83
DA:251,160
DA:252,0
DA:254,80
DA:255,80
DA:256,52
DA:257,78
DA:258,104
DA:260,52
DA:261,0
DA:262,0
DA:265,288
DA:268,0
DA:271,0
DA:275,166
DA:278,156
DA:280,312
DA:281,156
DA:283,97
DA:285,97
DA:286,291
DA:304,119
DA:307,119
DA:309,55
DA:311,55
DA:312,55
DA:313,296
DA:316,22
DA:317,88
DA:319,56
DA:320,112
DA:322,56
DA:323,56
DA:325,0
DA:343,88
DA:346,88
DA:348,33
DA:350,33
DA:351,33
DA:352,168
DA:355,22
DA:356,88
DA:358,31
DA:359,62
DA:361,31
DA:362,31
DA:364,0
DA:379,22
DA:381,4
DA:383,4
DA:384,4
DA:385,16
DA:386,4
DA:389,6
DA:391,18
DA:394,5
DA:397,6
DA:400,0
LF:127
LH:117
end_of_record
SF:lib/src/gestures/mouse_tracking.dart
DA:35,3
DA:49,0
DA:51,0
DA:52,0
DA:53,0
DA:54,0
DA:55,0
DA:62,3
DA:95,411
DA:96,0
DA:97,0
DA:98,822
DA:112,3
DA:113,9
DA:116,3
DA:124,3
DA:125,3
DA:126,5
DA:127,2
DA:128,4
DA:131,6
DA:134,6
DA:138,12
DA:139,12
DA:140,6
DA:145,162
DA:146,324
DA:149,7
DA:150,7
DA:151,2
DA:154,7
DA:155,2
DA:158,2
DA:160,20
DA:161,42
DA:164,6
DA:166,6
DA:171,3
DA:172,6
DA:174,0
DA:185,1
DA:187,2
DA:199,3
DA:201,3
DA:202,12
DA:203,15
DA:204,6
DA:208,2
DA:209,4
DA:210,2
DA:211,2
DA:212,1
DA:220,3
DA:221,6
DA:225,9
DA:226,6
DA:227,6
DA:233,9
DA:234,3
DA:239,3
DA:240,6
DA:243,6
DA:244,6
DA:245,9
DA:248,8
DA:249,4
DA:254,6
DA:255,3
DA:258,2
DA:259,2
DA:260,3
DA:262,2
DA:268,6
DA:269,6
DA:270,12
DA:271,12
DA:272,6
DA:276,2
DA:277,2
DA:278,4
DA:279,4
DA:280,2
DA:291,69
LF:83
LH:74
end_of_record
SF:lib/src/gestures/multidrag.dart
DA:30,3
DA:31,0
DA:45,6
DA:51,3
DA:52,3
DA:53,3
DA:54,3
DA:55,3
DA:59,3
DA:62,6
DA:65,3
DA:66,3
DA:67,3
DA:68,12
DA:69,3
DA:70,3
DA:72,9
DA:73,3
DA:74,3
DA:75,3
DA:78,2
DA:79,6
DA:80,4
DA:81,2
DA:88,0
DA:101,1
DA:104,1
DA:105,1
DA:106,1
DA:107,1
DA:108,1
DA:109,1
DA:112,3
DA:113,3
DA:114,3
DA:115,0
DA:116,3
DA:117,3
DA:118,3
DA:119,3
DA:120,3
DA:121,3
DA:123,3
DA:124,3
DA:126,6
DA:129,2
DA:130,2
DA:131,2
DA:132,2
DA:133,6
DA:134,2
DA:135,2
DA:137,2
DA:139,2
DA:140,2
DA:141,2
DA:145,0
DA:146,0
DA:147,0
DA:148,0
DA:149,0
DA:150,0
DA:152,0
DA:154,0
DA:155,0
DA:156,0
DA:161,3
DA:164,6
DA:165,3
DA:166,9
DA:192,3
DA:195,3
DA:205,3
DA:207,3
DA:208,3
DA:209,3
DA:210,9
DA:211,3
DA:212,9
DA:213,15
DA:214,15
DA:222,3
DA:223,3
DA:224,3
DA:225,3
DA:226,3
DA:227,9
DA:228,9
DA:229,3
DA:230,3
DA:232,2
DA:233,4
DA:234,2
DA:236,4
DA:237,2
DA:238,0
DA:239,0
DA:241,0
DA:242,2
[...]
DA:500,2
DA:501,3
DA:507,1
DA:508,1
DA:509,1
DA:512,2
DA:515,1
DA:516,0
DA:517,2
DA:519,1
DA:520,2
DA:521,1
DA:522,1
DA:527,1
DA:528,2
DA:529,1
DA:530,2
DA:531,1
DA:532,1
DA:533,1
DA:535,2
DA:536,1
DA:538,1
DA:541,1
DA:542,2
DA:544,1
DA:545,1
DA:548,1
DA:550,3
DA:553,1
DA:555,1
DA:556,1
DA:557,2
DA:561,1
DA:574,1
DA:575,1
DA:577,0
DA:578,0
DA:581,0
DA:582,0
DA:592,2
DA:593,4
DA:598,1
DA:600,2
DA:601,3
DA:607,1
DA:609,1
DA:610,2
DA:611,2
DA:618,1
DA:619,0
DA:621,3
DA:622,7
DA:623,2
DA:624,2
DA:625,1
DA:629,3
DA:630,3
DA:631,6
DA:633,0
DA:634,0
DA:636,4
DA:639,0
DA:640,0
DA:642,0
DA:643,0
DA:644,0
DA:645,4
DA:648,5
DA:649,1
DA:650,1
DA:652,1
DA:653,3
DA:659,1
DA:661,5
DA:663,0
DA:665,0
DA:667,1
DA:668,2
DA:669,3
DA:670,1
DA:674,1
DA:675,2
DA:676,7
DA:678,2
DA:679,2
DA:686,1
DA:687,2
DA:688,5
DA:689,0
DA:690,0
DA:691,0
DA:694,1
DA:695,2
DA:696,5
DA:697,3
DA:698,5
DA:699,3
DA:700,5
DA:701,1
DA:704,1
DA:705,2
DA:708,2
DA:709,1
DA:711,527
DA:713,2
DA:716,1
DA:721,2
DA:722,2
DA:726,2
DA:727,1
DA:729,1
DA:730,1
DA:731,1
DA:735,2
DA:739,2
DA:742,1
DA:743,1
DA:744,4
DA:745,1
DA:746,2
DA:747,1
DA:750,0
DA:752,0
DA:756,1
DA:757,1
DA:758,2
DA:759,2
DA:764,1
DA:766,1
DA:769,1
DA:770,1
DA:775,1
DA:776,2
DA:777,2
DA:779,1
DA:780,1
DA:784,1
DA:786,2
DA:787,1
DA:788,2
DA:789,2
DA:790,1
DA:798,2
DA:799,1
DA:800,1
DA:801,1
DA:807,1
DA:808,2
DA:809,2
DA:810,1
DA:811,524
DA:812,1
DA:814,1
DA:815,3
DA:817,3
DA:818,2
DA:819,1
DA:820,2
DA:825,1
DA:826,1
DA:827,1
DA:830,1
DA:831,6
DA:834,1
DA:836,2
DA:837,1
DA:838,2
DA:839,2
DA:842,0
DA:843,0
DA:847,1
DA:851,1
DA:855,1
DA:861,1
DA:862,1
DA:865,1
DA:867,1
DA:871,1
DA:873,1
DA:874,1
DA:875,2
DA:876,2
DA:877,2
DA:878,1
DA:881,1
DA:883,1
DA:884,2
DA:885,1
DA:886,1
DA:889,1
DA:895,2
DA:896,1
DA:897,2
DA:902,1
DA:904,2
DA:913,1
DA:920,1
DA:926,1
DA:927,1
DA:928,1
DA:929,1
DA:930,1
DA:931,1
DA:936,3
DA:940,1
DA:941,2
DA:942,1
DA:943,2
DA:946,1
DA:947,2
DA:949,0
DA:951,0
DA:952,0
DA:955,1
DA:957,2
DA:958,1
DA:965,1
DA:966,1
DA:984,528
DA:986,527
DA:987,1
DA:988,3
DA:989,2
DA:990,1
DA:992,2
DA:993,1
DA:994,1
DA:995,1
DA:996,1
DA:997,1
DA:999,1
DA:1003,1
DA:1004,1
DA:1005,1
DA:1007,4
DA:1008,1
DA:1011,2
DA:1012,1
DA:1013,1
DA:1014,1
DA:1015,2
DA:1017,1
DA:1018,1
DA:1024,1
DA:1025,2
DA:1027,1
DA:1028,1
DA:1030,1
DA:1034,1
DA:1038,0
DA:1040,0
DA:1045,1
DA:1047,2
DA:1051,1
DA:1054,2
DA:1055,2
DA:1056,2
DA:1062,1
DA:1068,1
DA:1069,0
DA:1071,1
DA:1072,0
DA:1073,3
DA:1074,1
DA:1075,4
DA:1076,1
DA:1077,4
DA:1078,1
DA:1079,3
DA:1084,1
DA:1090,4
DA:1093,1
DA:1095,4
DA:1098,0
DA:1100,0
DA:1103,1
DA:1104,2
DA:1105,1
DA:1106,1
DA:1107,1
DA:1108,3
DA:1109,1
DA:1113,1
DA:1115,1
DA:1116,2
DA:1119,1
DA:1120,9
DA:1123,1
DA:1125,2
DA:1128,1
DA:1130,2
DA:1133,1
DA:1135,2
DA:1136,1
DA:1140,2620
DA:1143,1
DA:1148,1
DA:1152,1
DA:1153,1
DA:1155,0
DA:1157,0
DA:1160,1
DA:1162,6
DA:1165,1
DA:1167,4
DA:1172,1
DA:1178,3
DA:1179,3
DA:1180,1
DA:1185,1
DA:1186,1
DA:1188,0
DA:1190,0
DA:1193,0
DA:1195,0
DA:1198,1
DA:1201,2
DA:1202,3
DA:1204,3
DA:1205,2
DA:1208,0
DA:1209,0
DA:1211,0
DA:1212,0
DA:1216,0
DA:1219,4
DA:1220,0
DA:1224,0
DA:1226,0
DA:1271,2
DA:1286,0
DA:1289,1
DA:1290,2
DA:1291,1
DA:1292,1
DA:1295,2
DA:1297,0
DA:1300,0
DA:1301,0
DA:1304,0
DA:1308,0
DA:1311,0
DA:1334,1
DA:1338,0
DA:1339,1
DA:1347,1
DA:1349,1
DA:1350,1
DA:1354,1
DA:1357,2
DA:1360,0
DA:1362,0
DA:1363,0
DA:1381,1
DA:1384,0
DA:1386,1
DA:1393,2
DA:1395,1
DA:1396,0
DA:1397,2
DA:1399,0
DA:1400,0
DA:1401,0
DA:1402,0
DA:1404,0
DA:1407,1
DA:1409,1
DA:1410,3
DA:1413,1
DA:1415,3
DA:1416,1
DA:1419,1
DA:1421,3
DA:1422,1
DA:1423,0
DA:1426,3
DA:1427,2
DA:1428,2
DA:1429,3
DA:1430,1
DA:1431,1
DA:1432,3
DA:1433,1
DA:1434,1
DA:1435,1
DA:1436,1
DA:1437,1
DA:1438,1
DA:1440,4
DA:1443,1
DA:1448,0
DA:1450,0
DA:1451,0
DA:1455,1
DA:1457,1
DA:1458,2
DA:1461,0
DA:1463,0
DA:1464,0
DA:1484,1
DA:1488,0
DA:1489,1
DA:1497,1
DA:1499,1
DA:1500,1
DA:1504,0
DA:1507,0
DA:1510,0
DA:1512,0
DA:1513,0
DA:1528,1
DA:1530,0
DA:1541,2
DA:1543,0
DA:1544,0
DA:1545,0
DA:1547,0
DA:1548,0
DA:1550,0
DA:1551,0
DA:1552,0
DA:1553,0
DA:1554,0
DA:1555,0
DA:1559,1
DA:1561,1
DA:1562,3
DA:1563,4
DA:1564,0
DA:1565,1
DA:1568,1
DA:1570,3
DA:1571,1
DA:1574,1
DA:1576,3
DA:1577,3
DA:1578,530
DA:1579,2
DA:1580,1
DA:1581,524
DA:1582,1
DA:1586,1
DA:1588,1
DA:1590,0
DA:1591,0
DA:1592,0
DA:1593,0
DA:1595,0
DA:1596,0
DA:1597,0
DA:1598,0
DA:1599,0
DA:1600,0
DA:1602,0
DA:1603,0
DA:1604,0
DA:1605,0
DA:1606,0
DA:1609,0
DA:1610,0
DA:1614,1
DA:1617,0
DA:1619,0
DA:1620,0
DA:1632,1
DA:1641,0
DA:1642,1
DA:1655,1
DA:1657,1
DA:1658,1
DA:1659,3
DA:1660,1
DA:1661,1
DA:1662,1
DA:1666,1
DA:1669,2
DA:1670,4
DA:1671,2
DA:1672,2
DA:1673,2
DA:1676,0
DA:1678,0
DA:1679,0
DA:1691,1
DA:1699,0
DA:1701,1
DA:1711,2
DA:1714,1
DA:1715,0
DA:1716,2
DA:1718,0
DA:1719,0
DA:1722,1
DA:1724,2
DA:1725,1
DA:1728,0
DA:1730,0
DA:1731,0
LF:589
LH:448
end_of_record
SF:lib/src/widgets/primary_scroll_controller.dart
DA:21,67
DA:25,0
DA:26,67
DA:29,21
DA:33,21
DA:48,99
DA:49,99
DA:50,22
DA:53,40
DA:54,120
DA:56,0
DA:58,0
DA:59,0
LF:13
LH:9
end_of_record
SF:lib/src/widgets/scroll_activity.dart
DA:64,139
DA:67,278
DA:74,17
DA:75,34
DA:76,17
DA:87,1
DA:90,60
DA:91,120
DA:95,64
DA:96,128
DA:100,1
DA:101,2
DA:105,62
DA:106,124
DA:110,12
DA:128,139
DA:130,139
DA:133,44
DA:134,44
DA:145,278
DA:147,139
DA:149,278
DA:152,139
DA:155,139
DA:158,75
DA:185,76
DA:188,76
DA:193,76
DA:196,76
DA:199,0
DA:202,32
DA:204,64
DA:207,76
DA:209,76
DA:210,76
DA:211,76
DA:226,65
DA:232,0
DA:233,0
DA:235,15
DA:240,65
DA:241,65
DA:245,128
DA:267,61
DA:273,61
DA:280,256
DA:286,1
DA:287,2
DA:288,1
DA:293,61
DA:294,61
DA:295,3
DA:297,6
DA:299,0
DA:309,61
DA:315,60
DA:316,22
DA:317,9
DA:318,3
DA:320,1
DA:325,60
DA:330,28
DA:331,56
DA:333,14
DA:334,28
DA:340,524
DA:343,22
DA:344,11
DA:345,22
DA:354,61
DA:356,61
DA:357,61
DA:358,61
DA:359,61
DA:360,122
DA:365,122
DA:366,122
DA:367,61
DA:370,61
DA:371,5
DA:372,122
DA:375,60
DA:377,60
DA:381,120
DA:382,60
DA:383,6
DA:384,60
DA:387,76
DA:388,2
DA:389,120
DA:392,0
DA:394,0
DA:398,65
DA:400,65
DA:401,65
DA:402,65
DA:407,130
DA:410,26
DA:411,26
DA:424,65
DA:428,65
DA:432,65
DA:434,130
DA:435,65
DA:436,130
DA:439,59
DA:441,118
DA:442,59
DA:443,118
DA:446,26
DA:448,52
DA:449,26
DA:450,52
DA:453,55
DA:456,110
DA:457,55
DA:460,55
DA:461,55
DA:464,65
DA:467,65
DA:472,0
DA:475,65
DA:477,65
DA:478,65
DA:481,26
DA:483,78
DA:504,43
DA:508,43
DA:509,86
DA:510,86
DA:513,86
DA:514,43
DA:515,86
DA:518,19
DA:519,38
DA:523,0
DA:525,0
DA:528,8
DA:530,24
DA:533,42
DA:534,126
DA:535,10
DA:545,42
DA:547,126
DA:550,32
DA:551,64
DA:554,5
DA:556,15
DA:559,43
DA:562,43
DA:565,43
DA:567,86
DA:568,43
DA:571,9
DA:573,27
DA:591,31
DA:598,0
DA:599,0
DA:600,0
DA:601,31
DA:602,0
DA:603,31
DA:604,62
DA:605,62
DA:607,62
DA:610,62
DA:611,31
DA:612,62
DA:623,93
DA:625,25
DA:626,50
DA:628,31
DA:629,155
DA:630,10
DA:633,23
DA:634,69
DA:637,5
DA:639,15
DA:642,31
DA:645,31
DA:648,31
DA:650,62
DA:651,62
DA:652,31
DA:655,7
DA:657,21
LF:186
LH:173
end_of_record
SF:lib/src/widgets/viewport.dart
DA:52,104
DA:61,0
DA:62,0
DA:63,36
DA:64,104
DA:120,107
DA:121,0
DA:123,107
DA:124,16
DA:125,107
DA:127,104
DA:128,204
DA:129,8
DA:135,104
DA:137,104
DA:138,104
DA:139,310
DA:140,104
DA:141,104
DA:142,104
DA:146,47
DA:149,94
DA:150,188
DA:151,94
DA:152,94
DA:153,94
DA:156,104
DA:157,104
DA:159,0
DA:161,0
DA:162,0
DA:163,0
DA:164,0
DA:165,0
DA:166,0
DA:167,0
DA:168,0
DA:169,0
DA:176,208
DA:178,104
DA:179,104
DA:181,104
DA:182,104
DA:184,104
DA:186,104
DA:187,103
DA:190,48
DA:192,48
DA:193,48
DA:196,103
DA:198,206
DA:199,24
DA:200,36
DA:201,6
DA:202,204
DA:203,510
DA:205,2
DA:209,94
DA:211,282
DA:212,94
DA:213,188
DA:214,94
DA:251,11
DA:257,0
DA:258,11
DA:288,11
DA:290,11
DA:291,11
DA:292,33
DA:293,11
DA:297,4
DA:300,8
DA:301,16
DA:302,8
DA:305,0
DA:307,0
DA:308,0
DA:309,0
DA:310,0
LF:79
LH:60
end_of_record
SF:lib/src/widgets/orientation_builder.dart
DA:31,2
DA:34,0
DA:35,2
DA:45,2
DA:49,6
DA:50,2
DA:53,2
DA:55,4
LF:8
LH:7
end_of_record
SF:lib/src/widgets/overscroll_indicator.dart
DA:44,129
DA:52,0
DA:53,0
DA:54,0
DA:55,0
DA:56,0
DA:57,129
DA:87,387
DA:109,129
DA:110,129
DA:112,0
DA:114,0
DA:115,0
DA:117,0
DA:119,0
DA:121,0
DA:126,0
DA:127,0
DA:136,129
DA:138,129
DA:139,774
DA:140,774
DA:141,645
DA:144,65
DA:146,65
DA:147,516
DA:148,8
DA:149,8
DA:150,8
DA:151,8
DA:158,84
DA:159,168
DA:161,84
DA:163,64
DA:164,18
DA:165,48
DA:166,24
DA:168,0
DA:170,64
DA:171,64
DA:172,32
DA:173,64
DA:174,96
DA:176,0
DA:177,160
DA:178,64
DA:179,64
DA:180,10
DA:181,30
DA:183,52
DA:184,26
DA:185,52
DA:186,52
DA:187,0
DA:188,26
DA:189,26
DA:190,78
DA:191,52
DA:192,26
DA:193,32
DA:195,23
DA:196,184
DA:202,168
DA:203,84
DA:204,122
DA:205,122
DA:208,168
DA:212,129
DA:214,258
DA:215,258
DA:216,129
DA:219,129
DA:221,129
DA:222,129
DA:223,129
DA:224,129
DA:225,129
DA:226,387
DA:227,387
DA:228,258
DA:229,129
DA:231,129
DA:232,258
DA:244,3144
DA:247,129
DA:251,0
DA:252,0
DA:253,0
DA:256,258
DA:257,258
DA:258,129
DA:259,129
DA:261,258
DA:262,387
DA:263,387
DA:264,387
DA:287,36
DA:289,2
DA:290,2
DA:291,4
DA:293,1
DA:294,1
DA:297,4
DA:299,2
DA:300,2
DA:301,4
DA:303,1
DA:304,1
DA:307,65
DA:308,26
DA:309,26
DA:310,3
DA:311,40
DA:317,128
DA:323,129
DA:325,258
DA:326,258
DA:327,132
DA:328,129
DA:334,10
DA:335,10
DA:336,10
DA:337,10
DA:338,10
DA:339,42
DA:340,60
DA:341,40
DA:342,574
DA:343,60
DA:344,20
DA:345,10
DA:346,10
DA:360,26
DA:361,41
DA:362,78
DA:363,104
DA:364,706
DA:365,550
DA:366,104
DA:367,784
DA:368,52
DA:369,78
DA:370,22
DA:371,11
DA:372,22
DA:375,36
DA:376,18
DA:378,52
DA:379,52
DA:380,52
DA:381,26
DA:383,30
DA:384,15
DA:385,5
DA:388,58
DA:391,61
DA:392,122
DA:393,22
DA:396,32
DA:397,32
DA:399,21
DA:400,21
DA:401,9
DA:403,21
DA:404,20
DA:405,20
DA:407,5
DA:408,0
DA:413,31
DA:414,124
DA:416,56
DA:417,31
DA:418,124
DA:419,62
DA:420,124
DA:421,62
DA:422,62
DA:423,62
DA:424,31
DA:427,11
DA:428,11
DA:429,40
DA:430,96
DA:431,8
DA:433,44
DA:434,14
DA:435,7
DA:437,10
DA:441,128
DA:442,384
DA:444,93
DA:445,51
DA:446,575
DA:447,51
DA:448,34
DA:449,119
DA:450,102
DA:451,17
DA:452,17
DA:453,17
DA:454,17
DA:455,17
DA:460,129
DA:465,129
DA:482,128
DA:484,128
DA:487,128
DA:488,128
DA:489,113
DA:491,128
DA:492,113
DA:493,226
DA:494,226
DA:495,113
DA:496,113
DA:498,41
DA:499,41
DA:500,41
DA:501,82
DA:502,164
DA:503,41
DA:505,41
DA:506,41
DA:507,82
DA:508,41
DA:509,164
DA:510,41
DA:515,128
DA:517,384
DA:518,384
DA:521,65
DA:523,195
DA:524,195
DA:542,32
DA:553,1
DA:554,1
DA:557,0
DA:559,0
DA:560,0
LF:239
LH:216
end_of_record
SF:lib/src/widgets/page_storage.dart
DA:36,12
DA:40,39
DA:41,0
DA:45,117
DA:47,5
DA:49,15
DA:52,20
DA:53,25
DA:59,6
DA:60,12
DA:62,0
DA:64,0
DA:73,39
DA:74,39
DA:75,39
DA:76,39
DA:77,6
DA:78,39
DA:81,39
DA:82,39
DA:83,39
DA:84,78
DA:85,39
DA:91,39
DA:92,78
DA:105,39
DA:106,78
DA:108,2
DA:110,39
DA:111,39
DA:112,12
DA:124,68
DA:125,68
DA:128,2
DA:129,8
DA:130,18
DA:139,141
DA:143,0
DA:144,141
DA:163,140
DA:164,140
DA:165,68
DA:168,141
DA:169,141
LF:44
LH:40
end_of_record
SF:lib/src/widgets/page_view.dart
DA:43,10
DA:47,0
DA:48,0
DA:49,0
DA:50,10
DA:95,6
DA:97,12
DA:101,18
DA:105,6
DA:106,6
DA:115,6
DA:120,6
DA:121,6
DA:122,12
DA:132,3
DA:133,3
DA:134,9
DA:143,2
DA:144,8
DA:153,2
DA:154,8
DA:157,10
DA:159,10
DA:162,10
DA:163,10
DA:164,10
DA:169,10
DA:171,10
DA:173,20
DA:183,8
DA:190,8
DA:198,1
DA:207,1
DA:208,1
DA:209,1
DA:210,0
DA:211,1
DA:212,1
DA:213,1
DA:218,3
DA:219,539
DA:220,533
DA:230,10
DA:237,0
DA:238,0
DA:239,0
DA:240,10
DA:242,10
DA:243,10
DA:264,10
DA:271,11
DA:272,1
DA:274,10
DA:277,10
DA:278,10
DA:280,10
DA:281,20
DA:283,1
DA:284,1
DA:286,2
DA:289,9
DA:290,1075
DA:293,10
DA:294,40
DA:297,9
DA:298,63
DA:300,8
DA:302,54
DA:305,10
DA:307,10
DA:308,45
DA:310,1
DA:314,10
DA:316,10
DA:317,10
DA:318,10
DA:319,14
DA:320,10
DA:322,10
DA:323,10
DA:324,10
DA:330,8
DA:339,8
DA:340,8
DA:341,8
DA:342,8
DA:343,8
DA:344,8
DA:345,8
DA:361,44
DA:363,12
DA:365,24
DA:368,9
DA:369,9
DA:370,9
DA:371,0
DA:374,9
DA:375,9
DA:376,9
DA:377,0
DA:380,9
DA:381,9
DA:382,27
DA:383,3
DA:384,18
DA:385,5
DA:386,18
DA:389,11
DA:393,44
DA:394,36
DA:395,10
DA:396,9
DA:397,9
DA:398,18
DA:399,18
DA:403,11
DA:411,15
DA:412,524
DA:446,8
DA:456,4
DA:457,8
DA:458,8
DA:472,3
DA:483,1
DA:484,3
DA:485,3
DA:489,0
DA:499,0
DA:500,0
DA:501,0
DA:554,10
DA:555,10
DA:561,10
DA:563,10
DA:564,40
DA:567,10
DA:568,20
DA:569,10
DA:570,10
DA:571,10
DA:572,10
DA:573,21
DA:574,0
DA:575,0
DA:580,10
DA:582,10
DA:583,20
DA:584,30
DA:585,2
DA:587,10
DA:588,9
DA:589,37
DA:590,3
DA:591,6
DA:592,6
DA:593,3
DA:594,6
DA:599,10
DA:600,20
DA:602,20
DA:604,10
DA:605,10
DA:609,10
DA:610,10
DA:611,30
DA:612,20
DA:621,0
DA:623,0
DA:624,0
DA:625,0
DA:626,0
DA:627,0
DA:628,0
LF:173
LH:151
end_of_record
SF:lib/src/widgets/placeholder.dart
DA:11,48
DA:19,47
DA:21,47
DA:22,94
DA:23,47
DA:24,94
DA:25,47
DA:26,47
DA:27,47
DA:28,188
DA:29,188
DA:30,47
DA:33,2
DA:35,6
DA:36,6
DA:39,6
DA:54,49
DA:60,49
DA:84,48
DA:86,48
DA:87,48
DA:88,48
DA:89,48
DA:91,48
DA:92,48
DA:93,48
LF:26
LH:26
end_of_record
SF:lib/src/widgets/platform_view.dart
DA:63,1
DA:72,0
DA:73,0
DA:74,0
DA:75,1
DA:180,1
DA:181,1
DA:204,1
DA:213,0
DA:214,0
DA:215,0
DA:216,1
DA:289,1
DA:290,1
DA:299,2
DA:302,1
DA:304,1
DA:305,1
DA:306,2
DA:307,3
DA:311,1
DA:312,1
DA:315,1
DA:316,1
DA:319,1
DA:321,1
DA:322,1
DA:323,2
DA:324,1
DA:326,1
DA:330,3
DA:334,1
DA:336,1
DA:338,1
DA:339,2
DA:340,1
DA:342,4
DA:343,2
DA:344,1
DA:349,3
DA:353,1
DA:354,4
DA:355,4
DA:358,1
DA:360,2
DA:361,1
DA:364,1
DA:365,3
DA:366,2
DA:367,1
DA:368,2
DA:369,1
DA:370,2
DA:371,2
DA:373,2
DA:374,0
DA:384,2
DA:387,1
DA:389,1
DA:392,1
DA:393,1
DA:394,2
DA:395,3
DA:399,1
DA:400,1
DA:403,1
DA:404,1
DA:407,1
DA:409,1
DA:410,1
DA:411,2
DA:412,1
DA:414,1
DA:418,1
DA:422,1
DA:424,1
DA:426,1
DA:427,2
DA:428,1
DA:430,4
DA:431,2
DA:432,1
DA:437,0
DA:441,1
DA:442,2
DA:443,2
DA:446,1
DA:448,2
DA:449,1
DA:452,1
DA:453,2
DA:454,2
DA:456,2
DA:457,1
DA:458,2
DA:459,2
DA:461,1
DA:462,1
DA:465,2
DA:466,0
DA:468,3
DA:473,1
DA:478,0
DA:479,0
DA:480,0
DA:481,1
DA:487,1
DA:489,1
DA:490,1
DA:491,1
DA:492,1
DA:495,1
DA:497,2
DA:498,2
DA:499,2
DA:504,1
DA:509,0
DA:510,0
DA:511,0
DA:512,1
DA:518,1
DA:520,1
DA:521,1
DA:522,1
DA:523,1
DA:527,0
DA:529,0
DA:530,0
DA:531,0
LF:129
LH:110
end_of_record
SF:lib/src/widgets/raw_keyboard_listener.dart
DA:34,2
DA:39,0
DA:40,0
DA:41,2
DA:54,2
DA:55,2
DA:57,0
DA:59,0
DA:60,0
DA:65,2
DA:67,2
DA:68,8
DA:71,2
DA:73,2
DA:74,8
DA:75,0
DA:76,0
DA:80,2
DA:82,8
DA:83,2
DA:84,2
DA:87,2
DA:88,6
DA:89,2
DA:91,0
DA:96,2
DA:97,2
DA:99,6
DA:100,2
DA:103,2
DA:104,2
DA:106,6
DA:107,2
DA:110,2
DA:111,4
DA:112,4
DA:115,2
DA:116,10
LF:38
LH:30
end_of_record
SF:lib/src/widgets/safe_area.dart
DA:41,50
DA:49,0
DA:50,0
DA:51,0
DA:52,0
DA:53,50
DA:81,50
DA:83,50
DA:84,100
DA:85,50
DA:86,50
DA:87,724
DA:88,714
DA:89,724
DA:90,711
DA:92,50
DA:94,50
DA:95,50
DA:96,50
DA:97,50
DA:98,50
DA:103,0
DA:105,0
DA:106,0
DA:107,0
DA:108,0
DA:109,0
DA:137,1
DA:145,0
DA:146,0
DA:147,0
DA:148,0
DA:149,1
DA:175,1
DA:177,1
DA:178,2
DA:179,1
DA:180,1
DA:181,528
DA:182,528
DA:183,528
DA:184,528
DA:186,1
DA:188,1
DA:189,1
DA:190,1
DA:191,1
DA:192,1
DA:197,0
DA:199,0
DA:200,0
DA:201,0
DA:202,0
DA:203,0
LF:54
LH:34
end_of_record
SF:lib/src/widgets/scrollbar.dart
DA:41,12
DA:51,0
DA:52,0
DA:53,0
DA:54,0
DA:55,0
DA:56,0
DA:57,0
DA:58,36
DA:105,8
DA:109,8
DA:110,8
DA:111,8
DA:114,6
DA:115,12
DA:116,42
DA:119,6
DA:120,6
DA:121,6
DA:122,6
DA:123,1
DA:124,6
DA:125,30
DA:130,6
DA:131,12
DA:132,12
DA:133,6
DA:134,6
DA:135,8
DA:137,12
DA:140,0
DA:141,0
DA:142,0
DA:143,0
DA:144,0
DA:145,0
DA:147,0
DA:150,6
DA:160,530
DA:162,18
DA:165,18
DA:166,524
DA:168,24
DA:171,11
DA:172,524
DA:173,4
DA:189,524
DA:191,15
DA:196,12
DA:197,12
DA:198,42
DA:199,1
DA:201,6
DA:204,12
DA:206,36
DA:207,12
DA:210,11
DA:212,11
DA:213,7
DA:214,21
DA:216,6
DA:217,6
DA:218,54
DA:220,0
DA:221,0
DA:223,0
DA:224,0
DA:226,0
DA:227,0
DA:233,8
DA:236,1
DA:239,3
DA:240,3
DA:241,3
DA:242,3
DA:243,3
DA:244,3
DA:245,3
DA:246,3
DA:249,1
DA:252,12
LF:81
LH:61
end_of_record
SF:lib/src/widgets/single_child_scroll_view.dart
DA:198,39
DA:208,0
DA:209,0
DA:210,11
DA:215,39
DA:279,39
DA:280,117
DA:283,39
DA:285,39
DA:286,39
DA:287,39
DA:288,6
DA:289,39
DA:290,28
DA:291,17
DA:292,39
DA:293,39
DA:296,39
DA:297,39
DA:298,39
DA:305,39
DA:306,6
DA:312,39
DA:317,0
DA:318,39
DA:323,39
DA:325,39
DA:326,39
DA:327,39
DA:331,14
DA:335,28
DA:336,28
DA:341,39
DA:346,0
DA:347,0
DA:348,0
DA:352,39
DA:355,78
DA:357,14
DA:358,0
DA:359,28
DA:361,0
DA:362,0
DA:365,117
DA:367,78
DA:369,14
DA:370,0
DA:371,28
DA:373,6
DA:374,18
DA:375,6
DA:376,6
DA:377,18
DA:378,6
DA:382,18
DA:384,0
DA:385,0
DA:386,0
DA:388,0
DA:389,0
DA:392,17
DA:393,17
DA:394,17
DA:397,39
DA:401,78
DA:402,78
DA:405,39
DA:407,39
DA:408,117
DA:411,39
DA:413,117
DA:414,39
DA:417,39
DA:420,39
DA:421,39
DA:422,39
DA:423,39
DA:424,20
DA:425,32
DA:426,64
DA:431,39
DA:432,39
DA:436,39
DA:437,39
DA:438,39
DA:440,39
DA:441,39
DA:442,584
DA:443,32
DA:444,716
DA:449,39
DA:450,39
DA:451,39
DA:452,10
DA:453,32
DA:454,32
DA:459,39
DA:461,39
DA:462,78
DA:466,39
DA:468,39
DA:469,78
DA:473,39
DA:475,39
DA:476,78
DA:480,39
DA:482,39
DA:483,78
DA:492,39
DA:494,39
DA:495,0
DA:497,156
DA:498,195
DA:501,117
DA:502,156
DA:505,152
DA:507,38
DA:508,38
DA:509,38
DA:510,38
DA:511,24
DA:512,38
DA:513,62
DA:514,10
DA:515,40
DA:516,10
DA:517,20
DA:522,38
DA:523,38
DA:524,304
DA:527,38
DA:529,38
DA:530,38
DA:532,38
DA:533,114
DA:536,38
DA:537,152
DA:539,0
DA:544,23
DA:546,23
DA:547,69
DA:550,9
DA:552,18
DA:553,18
DA:557,22
DA:559,22
DA:560,66
DA:561,44
DA:566,4
DA:568,3
DA:569,4
DA:570,0
DA:573,4
DA:574,4
DA:575,8
DA:581,4
DA:582,4
DA:583,4
DA:584,4
DA:585,6
DA:586,2
DA:588,4
DA:589,6
DA:590,3
DA:591,3
DA:593,4
DA:594,8
DA:595,4
DA:596,4
DA:598,2
DA:599,4
DA:600,6
DA:601,2
DA:605,12
DA:606,8
DA:607,4
DA:610,2
DA:617,4
DA:618,0
DA:626,2
DA:629,2
DA:634,2
DA:641,9
DA:643,9
DA:644,9
DA:645,9
DA:646,8
DA:647,16
DA:648,32
DA:649,16
DA:650,32
DA:652,2
DA:653,2
DA:654,8
DA:655,4
DA:656,8
DA:657,4
LF:197
LH:178
end_of_record
SF:lib/src/widgets/size_changed_layout_notifier.dart
DA:55,1
DA:58,1
DA:60,1
DA:62,1
DA:63,1
DA:64,2
DA:71,1
DA:74,0
DA:75,1
DA:86,1
DA:88,1
DA:91,4
DA:92,1
DA:93,2
LF:14
LH:13
end_of_record
SF:lib/src/widgets/sliver_prototype_extent_list.dart
DA:38,1
DA:42,0
DA:43,1
DA:53,1
DA:56,1
DA:59,1
DA:60,1
DA:64,2
DA:66,1
DA:67,1
DA:69,1
DA:70,1
DA:73,3
DA:75,1
DA:77,2
DA:78,1
DA:79,2
DA:81,1
DA:85,1
DA:87,3
DA:88,1
DA:91,0
DA:93,0
DA:94,0
DA:96,0
DA:99,1
DA:101,3
DA:102,0
DA:104,1
DA:107,1
DA:109,1
DA:110,2
DA:111,1
DA:114,1
DA:116,1
DA:117,6
DA:120,1
DA:122,1
DA:123,2
DA:124,6
DA:129,1
DA:131,1
DA:134,2
DA:135,1
DA:136,1
DA:137,0
DA:138,1
DA:139,1
DA:140,2
DA:141,1
DA:144,1
DA:146,4
DA:147,1
DA:150,1
DA:152,1
DA:153,1
DA:154,0
DA:157,1
DA:159,1
DA:160,1
DA:161,2
DA:164,1
DA:166,1
DA:167,0
DA:168,1
DA:171,1
DA:173,1
DA:174,2
DA:175,1
DA:178,1
DA:180,3
DA:181,9
LF:72
LH:63
end_of_record
SF:lib/src/widgets/spacer.dart
DA:45,1
DA:46,0
DA:47,1
DA:48,1
DA:59,1
DA:61,1
DA:62,1
LF:7
LH:6
end_of_record
SF:lib/src/widgets/status_transitions.dart
DA:13,1
DA:16,0
DA:17,1
DA:26,1
DA:27,1
DA:31,1
DA:33,1
DA:34,4
DA:37,1
DA:39,1
DA:40,4
DA:41,3
DA:42,4
DA:46,1
DA:48,4
DA:49,1
DA:52,1
DA:53,2
DA:58,1
DA:60,2
LF:20
LH:19
end_of_record
SF:lib/src/widgets/texture.dart
DA:37,0
DA:40,0
DA:41,0
DA:46,0
DA:47,0
DA:49,0
DA:51,0
LF:7
LH:0
end_of_record
SF:lib/src/widgets/unique_widget.dart
DA:25,1
DA:27,0
DA:28,1
DA:36,1
DA:37,1
DA:38,1
LF:6
LH:5
end_of_record
SF:lib/src/widgets/value_listenable_builder.dart
DA:115,7
DA:119,0
DA:120,0
DA:147,7
DA:148,7
DA:154,7
DA:156,7
DA:157,28
DA:158,28
DA:161,7
DA:163,28
DA:164,3
DA:165,4
DA:166,4
DA:168,7
DA:171,7
DA:173,28
DA:174,7
DA:177,4
DA:178,24
DA:181,7
DA:183,28
LF:22
LH:20
end_of_record
SF:lib/src/widgets/visibility.dart
DA:53,3
DA:63,0
DA:64,0
DA:65,0
DA:66,0
DA:67,0
DA:68,0
DA:69,4
DA:70,4
DA:71,4
DA:72,4
DA:73,3
DA:201,3
DA:203,3
DA:204,3
DA:205,3
DA:206,3
DA:207,3
DA:208,3
DA:209,6
DA:212,3
DA:213,3
DA:214,3
DA:218,1
DA:219,1
DA:220,1
DA:221,1
DA:222,1
DA:223,1
DA:224,3
DA:225,1
DA:227,1
DA:230,1
DA:231,1
DA:232,3
DA:235,0
DA:237,0
DA:238,0
DA:239,0
DA:240,0
DA:241,0
DA:242,0
DA:243,0
LF:43
LH:29
end_of_record
